Tue Mar 12 01:51:23 CST 2019
Tue Mar 12 01:55:13 CST 2019
Tue Mar 12 01:57:16 CST 2019
Tue Mar 12 02:02:53 CST 2019
Tue Mar 12 02:59:27 CST 2019
Fri Mar 15 13:49:44 CST 2019
Sat Mar 16 00:58:41 CST 2019
Sat Apr 20 03:46:06 CST 2019
Sat Apr 20 03:50:57 CST 2019
Sat Apr 20 03:51:27 CST 2019
Sat Apr 20 04:56:24 CST 2019
Sat Apr 20 07:03:52 CST 2019
Sat Apr 20 07:26:10 CST 2019
Sat Apr 20 07:38:38 CST 2019
Mon Apr 22 12:06:55 CST 2019
Mon Apr 22 13:05:35 CST 2019
Mon Apr 22 15:03:30 CST 2019
Mon Apr 29 04:05:08 CST 2019
Mon Apr 29 06:10:08 CST 2019
Mon Apr 29 06:59:45 CST 2019
Mon Apr 29 11:04:59 CST 2019
Mon Apr 29 11:23:48 CST 2019
Mon Apr 29 11:39:12 CST 2019
Mon Apr 29 11:59:00 CST 2019
Mon Apr 29 13:01:09 CST 2019
Mon Apr 29 13:35:49 CST 2019
2019年 04月 29日 星期一 21:01:19 CST
2019年 04月 29日 星期一 21:02:14 CST
2019年 04月 29日 星期一 21:21:11 CST
2019年 04月 29日 星期一 21:37:01 CST
2019年 04月 29日 星期一 21:40:53 CST
2019年 04月 29日 星期一 21:43:49 CST
2019年 04月 29日 星期一 21:44:08 CST
2019年 04月 29日 星期一 21:45:37 CST
2019年 04月 29日 星期一 21:48:26 CST
2019年 04月 29日 星期一 21:53:04 CST
2019年 04月 29日 星期一 22:20:59 CST
2019年 04月 29日 星期一 23:08:54 CST
2019年 04月 29日 星期一 23:34:59 CST
Sat May  4 10:53:16 CST 2019
Sat May  4 15:02:01 CST 2019
Sat May  4 15:03:05 CST 2019
Sat May  4 15:05:27 CST 2019
Sat May  4 15:06:44 CST 2019
Sat May  4 15:08:21 CST 2019
Sat May  4 15:10:56 CST 2019
Sat May  4 15:21:14 CST 2019
Sat May  4 15:21:44 CST 2019
Sat May  4 15:22:15 CST 2019
Sat May  4 15:23:48 CST 2019
Sat May  4 15:24:23 CST 2019
Sat May  4 15:53:03 CST 2019
