Manual note: This was run on an low-performance laptop 
(HP 2510p, dual-core at 1.2GHz with 2Gb RAM, Ubuntu 15.10).
The executable was compiled and linked with 
gfortran (i.e. gcc) 5.2.1 using netCDF library 4.4.2.
The 1-year simulation took 13.5 hours.
The same run on a server with 12 cores at 2.66 GHz, 
compiling with ifort, took 50 minutes.
================================================================================SOCRATES starts on 
mardi 26 janvier 2016, 15:54:34 (UTC+0100)
=====================================================================================

 ----------------------------------------------------
  
 label_short= sample
 label_long= socrates7.18.1
 model_type= two_d : sim performs full 2-D calculations
 start_from= newnc : sim will start from netCDF file...
 rstrt_filespec= /home/simonc/tmp/socrates/v7s11_1996-12-17.save.nc
 Simulation start date = 12/17/2003
 Simulation stop date  =  1/ 3/2005
 -> Simulation duration   =    382 days
 
 dyn_steps=  24 (per day) iters of dyn-T loop
 debug= T : detection of errors aborts simulation
 chem_itermax=   12 is max nb of iter for chem solver
 chemdtm=   5.0 (minutes) is timestep for chem solver
 mainsw(1)=  0 : sim has interactive calculation of T
 mainsw(2)=  0 : ATMCOND uses interactive vals for O,O2,T,n
 mainsw(3)=  1 : sim uses HWM u to calc interactive u
 mainsw(4)=  1 : sim has Kzz by Hines (using HWM) & "arbitrary" GW drag
 mainsw(5)=  2 :  PW param is coupled wave model
 mainsw(6)=  2 : simulation has Chemical Heating
 mainsw(7)=  0 : sim has NO transport by conv/fronts
 mainsw(8)=  0 : sim has NO Quasi Biennal Oscillation
 mainsw(9)=  1 : Solar flux by Lean et al. (1997,122-417nm)
 mainsw(10)=  0 : LBC on CHI is SIN_VAR(month) of some fct
 mainsw(11)=  0 :PHO_CHEM interpolated from TABLES_PHO...
 ... which is calc every daypas=  5 days
 mlt_sw(1)=  1 : simulation has molecular viscous damping
 mlt_sw(2)=  0 : simulation has NO tidal wave breaking
 mlt_sw(3)=  1 : Simulation has thermal conductivity
 mlt_sw(4)=  2 : prod of NO by lightning+cosmic rays + soft X-rays + aurorae
 mlt_sw(5)=  1 : Simulation uses Lyman-a param
 mlt_sw(6)=  3 : Solar activity follows daily SOLAR2000 (in 19470214-20020731, el
 mlt_sw(7)=  1 : E10.7 proxy depends on mlt_sw(6)
 mlt_sw(8)=  1 : non-Lya solar flux depends on mlt_sw(6)
 mlt_sw(9)=  1 : Lya solar flux depends on mlt_sw(6)
 mlt_sw(10)=  1: Special prods & flxub for MLT NO depend on mlt_sw(4,6)
 het_sw(7)=  0 : Simulation has NO aerosol effect on J and solar heating calc
 het_sw(8)=  1 : Simulation has washout of soluble species
 gcc_sw(1)=  1 : IC for CO2,CH4,H2O adjusted by initial TRENDS_BOUNDY
 gcc_sw(2)=  1 : LBC for CO2 follows TRENDS_BOUNDY
 gcc_sw(3)=  1 : LBC for CH4 follows TRENDS_BOUNDY
 gcc_sw(4)=  1 : IBC for H2O follows TRENDS_BOUNDY
 Filenames of active output archives (netCDF):
 "/home/simonc/tmp/socrates/out/sample.heat.nc"
 "/home/simonc/tmp/socrates/out/sample.chem.nc"
 "/home/simonc/tmp/socrates/out/sample.ma.nc"
 "/home/simonc/tmp/socrates/out/sample.dvout_20040115.nc"
 "/home/simonc/tmp/socrates/out/sample.dvout_20040215.nc"
 "/home/simonc/tmp/socrates/out/sample.dvout_20040315.nc"
 "/home/simonc/tmp/socrates/out/sample.dvout_20040415.nc"
 ...and other "dvout" archive(s)
 ----------------------------------------------------
 NetCDF library version 4.4.0-rc2 of Oct  6 2015 12:31:34 $                                             

 READ_SAVE: Start time and save time do not match !
     Start time = 12/17/2003
     Save  time = 12/17/1996
 READ_SAVE: simulation continues nonetheless

heat  archive to /home/simonc/tmp/socrates/out/sample.heat.nc , date= 12/17/2003
chem  archive to /home/simonc/tmp/socrates/out/sample.chem.nc , date= 12/17/2003
--------------------------------------------------
MAIN  @ ( 28, 56) : date=  12/17/2003 ; t2d=  261.852 ; q=   -0.000
 CHEM BEGINS,date=   12/  17/2003 ; @(  28,  56) & slt= 12.08333:  vmr(O3)=    1.068E-06
--------------------------------------------------
MAIN  @ ( 28, 56) : date=  12/18/2003 ; t2d=  261.567 ; q=   -0.000
 CHEM BEGINS,date=   12/  18/2003 ; @(  28,  56) & slt= 12.08333:  vmr(O3)=    1.059E-06
--------------------------------------------------
MAIN  @ ( 28, 56) : date=  12/19/2003 ; t2d=  261.524 ; q=   -0.000
 CHEM BEGINS,date=   12/  19/2003 ; @(  28,  56) & slt= 12.08333:  vmr(O3)=    1.059E-06
--------------------------------------------------
MAIN  @ ( 28, 56) : date=  12/20/2003 ; t2d=  261.515 ; q=   -0.000
 CHEM BEGINS,date=   12/  20/2003 ; @(  28,  56) & slt= 12.08333:  vmr(O3)=    1.059E-06
--------------------------------------------------
MAIN  @ ( 28, 56) : date=  12/21/2003 ; t2d=  261.507 ; q=   -0.000
 CHEM BEGINS,date=   12/  21/2003 ; @(  28,  56) & slt= 12.08333:  vmr(O3)=    1.059E-06
--------------------------------------------------
MAIN  @ ( 28, 56) : date=  12/22/2003 ; t2d=  261.450 ; q=   -0.000
 CHEM BEGINS,date=   12/  22/2003 ; @(  28,  56) & slt= 12.08333:  vmr(O3)=    1.060E-06
--------------------------------------------------
MAIN  @ ( 28, 56) : date=  12/23/2003 ; t2d=  261.331 ; q=   -0.000
 CHEM BEGINS,date=   12/  23/2003 ; @(  28,  56) & slt= 12.08333:  vmr(O3)=    1.060E-06
--------------------------------------------------
MAIN  @ ( 28, 56) : date=  12/24/2003 ; t2d=  261.165 ; q=   -0.000
 CHEM BEGINS,date=   12/  24/2003 ; @(  28,  56) & slt= 12.08333:  vmr(O3)=    1.062E-06
--------------------------------------------------
MAIN  @ ( 28, 56) : date=  12/25/2003 ; t2d=  260.973 ; q=   -0.000
 CHEM BEGINS,date=   12/  25/2003 ; @(  28,  56) & slt= 12.08333:  vmr(O3)=    1.065E-06
--------------------------------------------------
MAIN  @ ( 28, 56) : date=  12/26/2003 ; t2d=  260.793 ; q=   -0.000
 CHEM BEGINS,date=   12/  26/2003 ; @(  28,  56) & slt= 12.08333:  vmr(O3)=    1.067E-06
--------------------------------------------------
MAIN  @ ( 28, 56) : date=  12/27/2003 ; t2d=  260.603 ; q=   -0.000
 CHEM BEGINS,date=   12/  27/2003 ; @(  28,  56) & slt= 12.08333:  vmr(O3)=    1.070E-06
--------------------------------------------------
MAIN  @ ( 28, 56) : date=  12/28/2003 ; t2d=  260.414 ; q=   -0.000
 CHEM BEGINS,date=   12/  28/2003 ; @(  28,  56) & slt= 12.08333:  vmr(O3)=    1.073E-06
--------------------------------------------------
MAIN  @ ( 28, 56) : date=  12/29/2003 ; t2d=  260.231 ; q=   -0.000
 CHEM BEGINS,date=   12/  29/2003 ; @(  28,  56) & slt= 12.08333:  vmr(O3)=    1.075E-06
--------------------------------------------------
MAIN  @ ( 28, 56) : date=  12/30/2003 ; t2d=  260.055 ; q=   -0.000
 CHEM BEGINS,date=   12/  30/2003 ; @(  28,  56) & slt= 12.08333:  vmr(O3)=    1.078E-06
--------------------------------------------------
MAIN  @ ( 28, 56) : date=  12/31/2003 ; t2d=  259.871 ; q=   -0.000
 CHEM BEGINS,date=   12/  31/2003 ; @(  28,  56) & slt= 12.08333:  vmr(O3)=    1.080E-06
--------------------------------------------------
MAIN  @ ( 28, 56) : date=   1/ 1/2004 ; t2d=  259.678 ; q=   -0.000
 CHEM BEGINS,date=    1/   1/2004 ; @(  28,  56) & slt= 12.08333:  vmr(O3)=    1.083E-06
--------------------------------------------------
MAIN  @ ( 28, 56) : date=   1/ 2/2004 ; t2d=  259.437 ; q=   -0.000
 CHEM BEGINS,date=    1/   2/2004 ; @(  28,  56) & slt= 12.08333:  vmr(O3)=    1.087E-06
--------------------------------------------------
MAIN  @ ( 28, 56) : date=   1/ 3/2004 ; t2d=  259.203 ; q=   -0.000
 CHEM BEGINS,date=    1/   3/2004 ; @(  28,  56) & slt= 12.08333:  vmr(O3)=    1.090E-06
--------------------------------------------------
MAIN  @ ( 28, 56) : date=   1/ 4/2004 ; t2d=  258.973 ; q=   -0.000
 CHEM BEGINS,date=    1/   4/2004 ; @(  28,  56) & slt= 12.08333:  vmr(O3)=    1.093E-06
--------------------------------------------------
MAIN  @ ( 28, 56) : date=   1/ 5/2004 ; t2d=  258.745 ; q=   -0.000
 CHEM BEGINS,date=    1/   5/2004 ; @(  28,  56) & slt= 12.08333:  vmr(O3)=    1.096E-06
--------------------------------------------------
MAIN  @ ( 28, 56) : date=   1/ 6/2004 ; t2d=  258.512 ; q=   -0.000
 CHEM BEGINS,date=    1/   6/2004 ; @(  28,  56) & slt= 12.08333:  vmr(O3)=    1.099E-06
--------------------------------------------------
MAIN  @ ( 28, 56) : date=   1/ 7/2004 ; t2d=  258.283 ; q=   -0.000
 CHEM BEGINS,date=    1/   7/2004 ; @(  28,  56) & slt= 12.08333:  vmr(O3)=    1.104E-06
--------------------------------------------------
MAIN  @ ( 28, 56) : date=   1/ 8/2004 ; t2d=  258.026 ; q=   -0.000
 CHEM BEGINS,date=    1/   8/2004 ; @(  28,  56) & slt= 12.08333:  vmr(O3)=    1.107E-06
--------------------------------------------------
MAIN  @ ( 28, 56) : date=   1/ 9/2004 ; t2d=  257.754 ; q=   -0.000
 CHEM BEGINS,date=    1/   9/2004 ; @(  28,  56) & slt= 12.08333:  vmr(O3)=    1.111E-06
--------------------------------------------------
MAIN  @ ( 28, 56) : date=   1/10/2004 ; t2d=  257.458 ; q=   -0.000
 CHEM BEGINS,date=    1/  10/2004 ; @(  28,  56) & slt= 12.08333:  vmr(O3)=    1.115E-06
--------------------------------------------------
MAIN  @ ( 28, 56) : date=   1/11/2004 ; t2d=  257.199 ; q=   -0.000
 CHEM BEGINS,date=    1/  11/2004 ; @(  28,  56) & slt= 12.08333:  vmr(O3)=    1.119E-06
--------------------------------------------------
MAIN  @ ( 28, 56) : date=   1/12/2004 ; t2d=  256.953 ; q=   -0.000
 CHEM BEGINS,date=    1/  12/2004 ; @(  28,  56) & slt= 12.08333:  vmr(O3)=    1.124E-06
--------------------------------------------------
MAIN  @ ( 28, 56) : date=   1/13/2004 ; t2d=  256.747 ; q=   -0.000
 CHEM BEGINS,date=    1/  13/2004 ; @(  28,  56) & slt= 12.08333:  vmr(O3)=    1.127E-06
--------------------------------------------------
MAIN  @ ( 28, 56) : date=   1/14/2004 ; t2d=  256.619 ; q=   -0.000
 CHEM BEGINS,date=    1/  14/2004 ; @(  28,  56) & slt= 12.08333:  vmr(O3)=    1.129E-06
--------------------------------------------------
MAIN  @ ( 28, 56) : date=   1/15/2004 ; t2d=  256.539 ; q=   -0.000
 CHEM BEGINS,date=    1/  15/2004 ; @(  28,  56) & slt= 12.08333:  vmr(O3)=    1.130E-06
dvout archive to /home/simonc/tmp/socrates/out/sample.dvout_20040115.nc , date=  1/15/2004
heat  archive to /home/simonc/tmp/socrates/out/sample.heat.nc , date=  1/16/2004
chem  archive to /home/simonc/tmp/socrates/out/sample.chem.nc , date=  1/16/2004
--------------------------------------------------
MAIN  @ ( 28, 56) : date=   1/16/2004 ; t2d=  256.458 ; q=   -0.000
 CHEM BEGINS,date=    1/  16/2004 ; @(  28,  56) & slt= 12.08333:  vmr(O3)=    1.131E-06
--------------------------------------------------
MAIN  @ ( 28, 56) : date=   1/17/2004 ; t2d=  256.398 ; q=   -0.000
 CHEM BEGINS,date=    1/  17/2004 ; @(  28,  56) & slt= 12.08333:  vmr(O3)=    1.134E-06
--------------------------------------------------
MAIN  @ ( 28, 56) : date=   1/18/2004 ; t2d=  256.356 ; q=   -0.000
 CHEM BEGINS,date=    1/  18/2004 ; @(  28,  56) & slt= 12.08333:  vmr(O3)=    1.135E-06
--------------------------------------------------
MAIN  @ ( 28, 56) : date=   1/19/2004 ; t2d=  256.312 ; q=   -0.000
 CHEM BEGINS,date=    1/  19/2004 ; @(  28,  56) & slt= 12.08333:  vmr(O3)=    1.136E-06
--------------------------------------------------
MAIN  @ ( 28, 56) : date=   1/20/2004 ; t2d=  256.254 ; q=   -0.000
 CHEM BEGINS,date=    1/  20/2004 ; @(  28,  56) & slt= 12.08333:  vmr(O3)=    1.137E-06
--------------------------------------------------
MAIN  @ ( 28, 56) : date=   1/21/2004 ; t2d=  256.185 ; q=   -0.000
 CHEM BEGINS,date=    1/  21/2004 ; @(  28,  56) & slt= 12.08333:  vmr(O3)=    1.138E-06
--------------------------------------------------
MAIN  @ ( 28, 56) : date=   1/22/2004 ; t2d=  256.120 ; q=   -0.000
 CHEM BEGINS,date=    1/  22/2004 ; @(  28,  56) & slt= 12.08333:  vmr(O3)=    1.140E-06
--------------------------------------------------
MAIN  @ ( 28, 56) : date=   1/23/2004 ; t2d=  256.085 ; q=   -0.000
 CHEM BEGINS,date=    1/  23/2004 ; @(  28,  56) & slt= 12.08333:  vmr(O3)=    1.141E-06
--------------------------------------------------
MAIN  @ ( 28, 56) : date=   1/24/2004 ; t2d=  256.048 ; q=   -0.000
 CHEM BEGINS,date=    1/  24/2004 ; @(  28,  56) & slt= 12.08333:  vmr(O3)=    1.142E-06
--------------------------------------------------
MAIN  @ ( 28, 56) : date=   1/25/2004 ; t2d=  256.024 ; q=   -0.000
 CHEM BEGINS,date=    1/  25/2004 ; @(  28,  56) & slt= 12.08333:  vmr(O3)=    1.142E-06
--------------------------------------------------
MAIN  @ ( 28, 56) : date=   1/26/2004 ; t2d=  256.004 ; q=   -0.000
 CHEM BEGINS,date=    1/  26/2004 ; @(  28,  56) & slt= 12.08333:  vmr(O3)=    1.143E-06
--------------------------------------------------
MAIN  @ ( 28, 56) : date=   1/27/2004 ; t2d=  255.972 ; q=   -0.000
 CHEM BEGINS,date=    1/  27/2004 ; @(  28,  56) & slt= 12.08333:  vmr(O3)=    1.145E-06
--------------------------------------------------
MAIN  @ ( 28, 56) : date=   1/28/2004 ; t2d=  255.987 ; q=   -0.000
 CHEM BEGINS,date=    1/  28/2004 ; @(  28,  56) & slt= 12.08333:  vmr(O3)=    1.145E-06
--------------------------------------------------
MAIN  @ ( 28, 56) : date=   1/29/2004 ; t2d=  255.985 ; q=   -0.000
 CHEM BEGINS,date=    1/  29/2004 ; @(  28,  56) & slt= 12.08333:  vmr(O3)=    1.146E-06
--------------------------------------------------
MAIN  @ ( 28, 56) : date=   1/30/2004 ; t2d=  255.972 ; q=   -0.000
 CHEM BEGINS,date=    1/  30/2004 ; @(  28,  56) & slt= 12.08333:  vmr(O3)=    1.146E-06
ma    archive to /home/simonc/tmp/socrates/out/sample.ma.nc , date=  1/31/2004
--------------------------------------------------
MAIN  @ ( 28, 56) : date=   1/31/2004 ; t2d=  255.939 ; q=   -0.000
 CHEM BEGINS,date=    1/  31/2004 ; @(  28,  56) & slt= 12.08333:  vmr(O3)=    1.147E-06
--------------------------------------------------
MAIN  @ ( 28, 56) : date=   2/ 1/2004 ; t2d=  255.896 ; q=   -0.000
 CHEM BEGINS,date=    2/   1/2004 ; @(  28,  56) & slt= 12.08333:  vmr(O3)=    1.150E-06
--------------------------------------------------
MAIN  @ ( 28, 56) : date=   2/ 2/2004 ; t2d=  255.877 ; q=   -0.000
 CHEM BEGINS,date=    2/   2/2004 ; @(  28,  56) & slt= 12.08333:  vmr(O3)=    1.151E-06
--------------------------------------------------
MAIN  @ ( 28, 56) : date=   2/ 3/2004 ; t2d=  255.873 ; q=   -0.000
 CHEM BEGINS,date=    2/   3/2004 ; @(  28,  56) & slt= 12.08333:  vmr(O3)=    1.151E-06
--------------------------------------------------
MAIN  @ ( 28, 56) : date=   2/ 4/2004 ; t2d=  255.886 ; q=   -0.000
 CHEM BEGINS,date=    2/   4/2004 ; @(  28,  56) & slt= 12.08333:  vmr(O3)=    1.152E-06
--------------------------------------------------
MAIN  @ ( 28, 56) : date=   2/ 5/2004 ; t2d=  255.887 ; q=   -0.000
 CHEM BEGINS,date=    2/   5/2004 ; @(  28,  56) & slt= 12.08333:  vmr(O3)=    1.152E-06
--------------------------------------------------
MAIN  @ ( 28, 56) : date=   2/ 6/2004 ; t2d=  255.876 ; q=   -0.000
 CHEM BEGINS,date=    2/   6/2004 ; @(  28,  56) & slt= 12.08333:  vmr(O3)=    1.154E-06
--------------------------------------------------
MAIN  @ ( 28, 56) : date=   2/ 7/2004 ; t2d=  255.867 ; q=   -0.000
 CHEM BEGINS,date=    2/   7/2004 ; @(  28,  56) & slt= 12.08333:  vmr(O3)=    1.155E-06
--------------------------------------------------
MAIN  @ ( 28, 56) : date=   2/ 8/2004 ; t2d=  255.864 ; q=   -0.000
 CHEM BEGINS,date=    2/   8/2004 ; @(  28,  56) & slt= 12.08333:  vmr(O3)=    1.156E-06
--------------------------------------------------
MAIN  @ ( 28, 56) : date=   2/ 9/2004 ; t2d=  255.852 ; q=   -0.000
 CHEM BEGINS,date=    2/   9/2004 ; @(  28,  56) & slt= 12.08333:  vmr(O3)=    1.156E-06
--------------------------------------------------
MAIN  @ ( 28, 56) : date=   2/10/2004 ; t2d=  255.844 ; q=   -0.000
 CHEM BEGINS,date=    2/  10/2004 ; @(  28,  56) & slt= 12.08333:  vmr(O3)=    1.157E-06
--------------------------------------------------
MAIN  @ ( 28, 56) : date=   2/11/2004 ; t2d=  255.837 ; q=   -0.000
 CHEM BEGINS,date=    2/  11/2004 ; @(  28,  56) & slt= 12.08333:  vmr(O3)=    1.159E-06
--------------------------------------------------
MAIN  @ ( 28, 56) : date=   2/12/2004 ; t2d=  255.824 ; q=   -0.000
 CHEM BEGINS,date=    2/  12/2004 ; @(  28,  56) & slt= 12.08333:  vmr(O3)=    1.160E-06
--------------------------------------------------
MAIN  @ ( 28, 56) : date=   2/13/2004 ; t2d=  255.807 ; q=   -0.000
 CHEM BEGINS,date=    2/  13/2004 ; @(  28,  56) & slt= 12.08333:  vmr(O3)=    1.161E-06
--------------------------------------------------
MAIN  @ ( 28, 56) : date=   2/14/2004 ; t2d=  255.794 ; q=   -0.000
 CHEM BEGINS,date=    2/  14/2004 ; @(  28,  56) & slt= 12.08333:  vmr(O3)=    1.162E-06
heat  archive to /home/simonc/tmp/socrates/out/sample.heat.nc , date=  2/15/2004
chem  archive to /home/simonc/tmp/socrates/out/sample.chem.nc , date=  2/15/2004
--------------------------------------------------
MAIN  @ ( 28, 56) : date=   2/15/2004 ; t2d=  255.762 ; q=   -0.000
 CHEM BEGINS,date=    2/  15/2004 ; @(  28,  56) & slt= 12.08333:  vmr(O3)=    1.163E-06
dvout archive to /home/simonc/tmp/socrates/out/sample.dvout_20040215.nc , date=  2/15/2004
--------------------------------------------------
MAIN  @ ( 28, 56) : date=   2/16/2004 ; t2d=  255.701 ; q=   -0.000
 CHEM BEGINS,date=    2/  16/2004 ; @(  28,  56) & slt= 12.08333:  vmr(O3)=    1.166E-06
--------------------------------------------------
MAIN  @ ( 28, 56) : date=   2/17/2004 ; t2d=  255.652 ; q=   -0.000
 CHEM BEGINS,date=    2/  17/2004 ; @(  28,  56) & slt= 12.08333:  vmr(O3)=    1.167E-06
--------------------------------------------------
MAIN  @ ( 28, 56) : date=   2/18/2004 ; t2d=  255.620 ; q=   -0.000
 CHEM BEGINS,date=    2/  18/2004 ; @(  28,  56) & slt= 12.08333:  vmr(O3)=    1.168E-06
--------------------------------------------------
MAIN  @ ( 28, 56) : date=   2/19/2004 ; t2d=  255.594 ; q=   -0.000
 CHEM BEGINS,date=    2/  19/2004 ; @(  28,  56) & slt= 12.08333:  vmr(O3)=    1.169E-06
--------------------------------------------------
MAIN  @ ( 28, 56) : date=   2/20/2004 ; t2d=  255.576 ; q=   -0.000
 CHEM BEGINS,date=    2/  20/2004 ; @(  28,  56) & slt= 12.08333:  vmr(O3)=    1.170E-06
--------------------------------------------------
MAIN  @ ( 28, 56) : date=   2/21/2004 ; t2d=  255.570 ; q=   -0.000
 CHEM BEGINS,date=    2/  21/2004 ; @(  28,  56) & slt= 12.08333:  vmr(O3)=    1.173E-06
--------------------------------------------------
MAIN  @ ( 28, 56) : date=   2/22/2004 ; t2d=  255.573 ; q=   -0.000
 CHEM BEGINS,date=    2/  22/2004 ; @(  28,  56) & slt= 12.08333:  vmr(O3)=    1.173E-06
--------------------------------------------------
MAIN  @ ( 28, 56) : date=   2/23/2004 ; t2d=  255.575 ; q=   -0.000
 CHEM BEGINS,date=    2/  23/2004 ; @(  28,  56) & slt= 12.08333:  vmr(O3)=    1.174E-06
--------------------------------------------------
MAIN  @ ( 28, 56) : date=   2/24/2004 ; t2d=  255.557 ; q=   -0.000
 CHEM BEGINS,date=    2/  24/2004 ; @(  28,  56) & slt= 12.08333:  vmr(O3)=    1.175E-06
--------------------------------------------------
MAIN  @ ( 28, 56) : date=   2/25/2004 ; t2d=  255.549 ; q=   -0.000
 CHEM BEGINS,date=    2/  25/2004 ; @(  28,  56) & slt= 12.08333:  vmr(O3)=    1.176E-06
--------------------------------------------------
MAIN  @ ( 28, 56) : date=   2/26/2004 ; t2d=  255.531 ; q=   -0.000
 CHEM BEGINS,date=    2/  26/2004 ; @(  28,  56) & slt= 12.08333:  vmr(O3)=    1.178E-06
--------------------------------------------------
MAIN  @ ( 28, 56) : date=   2/27/2004 ; t2d=  255.514 ; q=   -0.000
 CHEM BEGINS,date=    2/  27/2004 ; @(  28,  56) & slt= 12.08333:  vmr(O3)=    1.179E-06
ma    archive to /home/simonc/tmp/socrates/out/sample.ma.nc , date=  2/28/2004
--------------------------------------------------
MAIN  @ ( 28, 56) : date=   2/28/2004 ; t2d=  255.512 ; q=   -0.000
 CHEM BEGINS,date=    2/  28/2004 ; @(  28,  56) & slt= 12.08333:  vmr(O3)=    1.180E-06
--------------------------------------------------
MAIN  @ ( 28, 56) : date=   3/ 1/2004 ; t2d=  255.515 ; q=   -0.000
 CHEM BEGINS,date=    3/   1/2004 ; @(  28,  56) & slt= 12.08333:  vmr(O3)=    1.181E-06
--------------------------------------------------
MAIN  @ ( 28, 56) : date=   3/ 2/2004 ; t2d=  255.511 ; q=   -0.000
 CHEM BEGINS,date=    3/   2/2004 ; @(  28,  56) & slt= 12.08333:  vmr(O3)=    1.182E-06
--------------------------------------------------
MAIN  @ ( 28, 56) : date=   3/ 3/2004 ; t2d=  255.491 ; q=   -0.000
 CHEM BEGINS,date=    3/   3/2004 ; @(  28,  56) & slt= 12.08333:  vmr(O3)=    1.184E-06
--------------------------------------------------
MAIN  @ ( 28, 56) : date=   3/ 4/2004 ; t2d=  255.479 ; q=   -0.000
 CHEM BEGINS,date=    3/   4/2004 ; @(  28,  56) & slt= 12.08333:  vmr(O3)=    1.185E-06
--------------------------------------------------
MAIN  @ ( 28, 56) : date=   3/ 5/2004 ; t2d=  255.478 ; q=   -0.000
 CHEM BEGINS,date=    3/   5/2004 ; @(  28,  56) & slt= 12.08333:  vmr(O3)=    1.186E-06
--------------------------------------------------
MAIN  @ ( 28, 56) : date=   3/ 6/2004 ; t2d=  255.484 ; q=   -0.000
 CHEM BEGINS,date=    3/   6/2004 ; @(  28,  56) & slt= 12.08333:  vmr(O3)=    1.187E-06
--------------------------------------------------
MAIN  @ ( 28, 56) : date=   3/ 7/2004 ; t2d=  255.489 ; q=   -0.000
 CHEM BEGINS,date=    3/   7/2004 ; @(  28,  56) & slt= 12.08333:  vmr(O3)=    1.187E-06
--------------------------------------------------
MAIN  @ ( 28, 56) : date=   3/ 8/2004 ; t2d=  255.492 ; q=   -0.000
 CHEM BEGINS,date=    3/   8/2004 ; @(  28,  56) & slt= 12.08333:  vmr(O3)=    1.190E-06
--------------------------------------------------
MAIN  @ ( 28, 56) : date=   3/ 9/2004 ; t2d=  255.481 ; q=   -0.000
 CHEM BEGINS,date=    3/   9/2004 ; @(  28,  56) & slt= 12.08333:  vmr(O3)=    1.191E-06
--------------------------------------------------
MAIN  @ ( 28, 56) : date=   3/10/2004 ; t2d=  255.465 ; q=   -0.000
 CHEM BEGINS,date=    3/  10/2004 ; @(  28,  56) & slt= 12.08333:  vmr(O3)=    1.192E-06
--------------------------------------------------
MAIN  @ ( 28, 56) : date=   3/11/2004 ; t2d=  255.447 ; q=   -0.000
 CHEM BEGINS,date=    3/  11/2004 ; @(  28,  56) & slt= 12.08333:  vmr(O3)=    1.193E-06
--------------------------------------------------
MAIN  @ ( 28, 56) : date=   3/12/2004 ; t2d=  255.428 ; q=   -0.000
 CHEM BEGINS,date=    3/  12/2004 ; @(  28,  56) & slt= 12.08333:  vmr(O3)=    1.194E-06
--------------------------------------------------
MAIN  @ ( 28, 56) : date=   3/13/2004 ; t2d=  255.417 ; q=   -0.000
 CHEM BEGINS,date=    3/  13/2004 ; @(  28,  56) & slt= 12.08333:  vmr(O3)=    1.196E-06
--------------------------------------------------
MAIN  @ ( 28, 56) : date=   3/14/2004 ; t2d=  255.401 ; q=   -0.000
 CHEM BEGINS,date=    3/  14/2004 ; @(  28,  56) & slt= 12.08333:  vmr(O3)=    1.197E-06
--------------------------------------------------
MAIN  @ ( 28, 56) : date=   3/15/2004 ; t2d=  255.386 ; q=   -0.000
 CHEM BEGINS,date=    3/  15/2004 ; @(  28,  56) & slt= 12.08333:  vmr(O3)=    1.198E-06
dvout archive to /home/simonc/tmp/socrates/out/sample.dvout_20040315.nc , date=  3/15/2004
--------------------------------------------------
MAIN  @ ( 28, 56) : date=   3/16/2004 ; t2d=  255.370 ; q=   -0.000
 CHEM BEGINS,date=    3/  16/2004 ; @(  28,  56) & slt= 12.08333:  vmr(O3)=    1.199E-06
heat  archive to /home/simonc/tmp/socrates/out/sample.heat.nc , date=  3/17/2004
chem  archive to /home/simonc/tmp/socrates/out/sample.chem.nc , date=  3/17/2004
--------------------------------------------------
MAIN  @ ( 28, 56) : date=   3/17/2004 ; t2d=  255.359 ; q=   -0.000
 CHEM BEGINS,date=    3/  17/2004 ; @(  28,  56) & slt= 12.08333:  vmr(O3)=    1.200E-06
--------------------------------------------------
MAIN  @ ( 28, 56) : date=   3/18/2004 ; t2d=  255.344 ; q=   -0.000
 CHEM BEGINS,date=    3/  18/2004 ; @(  28,  56) & slt= 12.08333:  vmr(O3)=    1.202E-06
--------------------------------------------------
MAIN  @ ( 28, 56) : date=   3/19/2004 ; t2d=  255.314 ; q=   -0.000
 CHEM BEGINS,date=    3/  19/2004 ; @(  28,  56) & slt= 12.08333:  vmr(O3)=    1.203E-06
--------------------------------------------------
MAIN  @ ( 28, 56) : date=   3/20/2004 ; t2d=  255.294 ; q=   -0.000
 CHEM BEGINS,date=    3/  20/2004 ; @(  28,  56) & slt= 12.08333:  vmr(O3)=    1.204E-06
--------------------------------------------------
MAIN  @ ( 28, 56) : date=   3/21/2004 ; t2d=  255.282 ; q=   -0.000
 CHEM BEGINS,date=    3/  21/2004 ; @(  28,  56) & slt= 12.08333:  vmr(O3)=    1.205E-06
--------------------------------------------------
MAIN  @ ( 28, 56) : date=   3/22/2004 ; t2d=  255.278 ; q=   -0.000
 CHEM BEGINS,date=    3/  22/2004 ; @(  28,  56) & slt= 12.08333:  vmr(O3)=    1.206E-06
--------------------------------------------------
MAIN  @ ( 28, 56) : date=   3/23/2004 ; t2d=  255.285 ; q=   -0.000
 CHEM BEGINS,date=    3/  23/2004 ; @(  28,  56) & slt= 12.08333:  vmr(O3)=    1.208E-06
--------------------------------------------------
MAIN  @ ( 28, 56) : date=   3/24/2004 ; t2d=  255.275 ; q=   -0.000
 CHEM BEGINS,date=    3/  24/2004 ; @(  28,  56) & slt= 12.08333:  vmr(O3)=    1.209E-06
--------------------------------------------------
MAIN  @ ( 28, 56) : date=   3/25/2004 ; t2d=  255.271 ; q=   -0.000
 CHEM BEGINS,date=    3/  25/2004 ; @(  28,  56) & slt= 12.08333:  vmr(O3)=    1.209E-06
--------------------------------------------------
MAIN  @ ( 28, 56) : date=   3/26/2004 ; t2d=  255.270 ; q=   -0.000
 CHEM BEGINS,date=    3/  26/2004 ; @(  28,  56) & slt= 12.08333:  vmr(O3)=    1.210E-06
--------------------------------------------------
MAIN  @ ( 28, 56) : date=   3/27/2004 ; t2d=  255.272 ; q=   -0.000
 CHEM BEGINS,date=    3/  27/2004 ; @(  28,  56) & slt= 12.08333:  vmr(O3)=    1.210E-06
--------------------------------------------------
MAIN  @ ( 28, 56) : date=   3/28/2004 ; t2d=  255.281 ; q=   -0.000
 CHEM BEGINS,date=    3/  28/2004 ; @(  28,  56) & slt= 12.08333:  vmr(O3)=    1.212E-06
--------------------------------------------------
MAIN  @ ( 28, 56) : date=   3/29/2004 ; t2d=  255.277 ; q=   -0.000
 CHEM BEGINS,date=    3/  29/2004 ; @(  28,  56) & slt= 12.08333:  vmr(O3)=    1.213E-06
--------------------------------------------------
MAIN  @ ( 28, 56) : date=   3/30/2004 ; t2d=  255.286 ; q=   -0.000
 CHEM BEGINS,date=    3/  30/2004 ; @(  28,  56) & slt= 12.08333:  vmr(O3)=    1.213E-06
ma    archive to /home/simonc/tmp/socrates/out/sample.ma.nc , date=  3/31/2004
--------------------------------------------------
MAIN  @ ( 28, 56) : date=   3/31/2004 ; t2d=  255.302 ; q=   -0.000
 CHEM BEGINS,date=    3/  31/2004 ; @(  28,  56) & slt= 12.08333:  vmr(O3)=    1.214E-06
--------------------------------------------------
MAIN  @ ( 28, 56) : date=   4/ 1/2004 ; t2d=  255.324 ; q=   -0.000
 CHEM BEGINS,date=    4/   1/2004 ; @(  28,  56) & slt= 12.08333:  vmr(O3)=    1.214E-06
--------------------------------------------------
MAIN  @ ( 28, 56) : date=   4/ 2/2004 ; t2d=  255.352 ; q=   -0.000
 CHEM BEGINS,date=    4/   2/2004 ; @(  28,  56) & slt= 12.08333:  vmr(O3)=    1.215E-06
--------------------------------------------------
MAIN  @ ( 28, 56) : date=   4/ 3/2004 ; t2d=  255.340 ; q=   -0.000
 CHEM BEGINS,date=    4/   3/2004 ; @(  28,  56) & slt= 12.08333:  vmr(O3)=    1.216E-06
--------------------------------------------------
MAIN  @ ( 28, 56) : date=   4/ 4/2004 ; t2d=  255.335 ; q=   -0.000
 CHEM BEGINS,date=    4/   4/2004 ; @(  28,  56) & slt= 12.08333:  vmr(O3)=    1.217E-06
--------------------------------------------------
MAIN  @ ( 28, 56) : date=   4/ 5/2004 ; t2d=  255.337 ; q=   -0.000
 CHEM BEGINS,date=    4/   5/2004 ; @(  28,  56) & slt= 12.08333:  vmr(O3)=    1.217E-06
--------------------------------------------------
MAIN  @ ( 28, 56) : date=   4/ 6/2004 ; t2d=  255.348 ; q=   -0.000
 CHEM BEGINS,date=    4/   6/2004 ; @(  28,  56) & slt= 12.08333:  vmr(O3)=    1.217E-06
--------------------------------------------------
MAIN  @ ( 28, 56) : date=   4/ 7/2004 ; t2d=  255.369 ; q=    0.000
 CHEM BEGINS,date=    4/   7/2004 ; @(  28,  56) & slt= 12.08333:  vmr(O3)=    1.219E-06
--------------------------------------------------
MAIN  @ ( 28, 56) : date=   4/ 8/2004 ; t2d=  255.361 ; q=    0.000
 CHEM BEGINS,date=    4/   8/2004 ; @(  28,  56) & slt= 12.08333:  vmr(O3)=    1.219E-06
--------------------------------------------------
MAIN  @ ( 28, 56) : date=   4/ 9/2004 ; t2d=  255.361 ; q=    0.000
 CHEM BEGINS,date=    4/   9/2004 ; @(  28,  56) & slt= 12.08333:  vmr(O3)=    1.220E-06
--------------------------------------------------
MAIN  @ ( 28, 56) : date=   4/10/2004 ; t2d=  255.364 ; q=    0.000
 CHEM BEGINS,date=    4/  10/2004 ; @(  28,  56) & slt= 12.08333:  vmr(O3)=    1.220E-06
--------------------------------------------------
MAIN  @ ( 28, 56) : date=   4/11/2004 ; t2d=  255.365 ; q=    0.000
 CHEM BEGINS,date=    4/  11/2004 ; @(  28,  56) & slt= 12.08333:  vmr(O3)=    1.221E-06
--------------------------------------------------
MAIN  @ ( 28, 56) : date=   4/12/2004 ; t2d=  255.365 ; q=    0.000
 CHEM BEGINS,date=    4/  12/2004 ; @(  28,  56) & slt= 12.08333:  vmr(O3)=    1.222E-06
--------------------------------------------------
MAIN  @ ( 28, 56) : date=   4/13/2004 ; t2d=  255.323 ; q=    0.000
 CHEM BEGINS,date=    4/  13/2004 ; @(  28,  56) & slt= 12.08333:  vmr(O3)=    1.223E-06
--------------------------------------------------
MAIN  @ ( 28, 56) : date=   4/14/2004 ; t2d=  255.301 ; q=    0.000
 CHEM BEGINS,date=    4/  14/2004 ; @(  28,  56) & slt= 12.08333:  vmr(O3)=    1.224E-06
--------------------------------------------------
MAIN  @ ( 28, 56) : date=   4/15/2004 ; t2d=  255.298 ; q=    0.000
 CHEM BEGINS,date=    4/  15/2004 ; @(  28,  56) & slt= 12.08333:  vmr(O3)=    1.224E-06
dvout archive to /home/simonc/tmp/socrates/out/sample.dvout_20040415.nc , date=  4/15/2004
heat  archive to /home/simonc/tmp/socrates/out/sample.heat.nc , date=  4/16/2004
chem  archive to /home/simonc/tmp/socrates/out/sample.chem.nc , date=  4/16/2004
--------------------------------------------------
MAIN  @ ( 28, 56) : date=   4/16/2004 ; t2d=  255.313 ; q=    0.000
 CHEM BEGINS,date=    4/  16/2004 ; @(  28,  56) & slt= 12.08333:  vmr(O3)=    1.224E-06
--------------------------------------------------
MAIN  @ ( 28, 56) : date=   4/17/2004 ; t2d=  255.344 ; q=    0.000
 CHEM BEGINS,date=    4/  17/2004 ; @(  28,  56) & slt= 12.08333:  vmr(O3)=    1.225E-06
--------------------------------------------------
MAIN  @ ( 28, 56) : date=   4/18/2004 ; t2d=  255.343 ; q=    0.000
 CHEM BEGINS,date=    4/  18/2004 ; @(  28,  56) & slt= 12.08333:  vmr(O3)=    1.226E-06
--------------------------------------------------
MAIN  @ ( 28, 56) : date=   4/19/2004 ; t2d=  255.366 ; q=    0.000
 CHEM BEGINS,date=    4/  19/2004 ; @(  28,  56) & slt= 12.08333:  vmr(O3)=    1.226E-06
--------------------------------------------------
MAIN  @ ( 28, 56) : date=   4/20/2004 ; t2d=  255.402 ; q=    0.000
 CHEM BEGINS,date=    4/  20/2004 ; @(  28,  56) & slt= 12.08333:  vmr(O3)=    1.225E-06
--------------------------------------------------
MAIN  @ ( 28, 56) : date=   4/21/2004 ; t2d=  255.454 ; q=    0.000
 CHEM BEGINS,date=    4/  21/2004 ; @(  28,  56) & slt= 12.08333:  vmr(O3)=    1.225E-06
--------------------------------------------------
MAIN  @ ( 28, 56) : date=   4/22/2004 ; t2d=  255.526 ; q=    0.000
 CHEM BEGINS,date=    4/  22/2004 ; @(  28,  56) & slt= 12.08333:  vmr(O3)=    1.225E-06
--------------------------------------------------
MAIN  @ ( 28, 56) : date=   4/23/2004 ; t2d=  255.565 ; q=    0.000
 CHEM BEGINS,date=    4/  23/2004 ; @(  28,  56) & slt= 12.08333:  vmr(O3)=    1.224E-06
--------------------------------------------------
MAIN  @ ( 28, 56) : date=   4/24/2004 ; t2d=  255.623 ; q=    0.000
 CHEM BEGINS,date=    4/  24/2004 ; @(  28,  56) & slt= 12.08333:  vmr(O3)=    1.224E-06
--------------------------------------------------
MAIN  @ ( 28, 56) : date=   4/25/2004 ; t2d=  255.700 ; q=    0.000
 CHEM BEGINS,date=    4/  25/2004 ; @(  28,  56) & slt= 12.08333:  vmr(O3)=    1.223E-06
--------------------------------------------------
MAIN  @ ( 28, 56) : date=   4/26/2004 ; t2d=  255.797 ; q=    0.000
 CHEM BEGINS,date=    4/  26/2004 ; @(  28,  56) & slt= 12.08333:  vmr(O3)=    1.221E-06
--------------------------------------------------
MAIN  @ ( 28, 56) : date=   4/27/2004 ; t2d=  255.919 ; q=    0.000
 CHEM BEGINS,date=    4/  27/2004 ; @(  28,  56) & slt= 12.08333:  vmr(O3)=    1.221E-06
--------------------------------------------------
MAIN  @ ( 28, 56) : date=   4/28/2004 ; t2d=  255.996 ; q=    0.000
 CHEM BEGINS,date=    4/  28/2004 ; @(  28,  56) & slt= 12.08333:  vmr(O3)=    1.220E-06
--------------------------------------------------
MAIN  @ ( 28, 56) : date=   4/29/2004 ; t2d=  256.087 ; q=    0.000
 CHEM BEGINS,date=    4/  29/2004 ; @(  28,  56) & slt= 12.08333:  vmr(O3)=    1.218E-06
ma    archive to /home/simonc/tmp/socrates/out/sample.ma.nc , date=  4/30/2004
--------------------------------------------------
MAIN  @ ( 28, 56) : date=   4/30/2004 ; t2d=  256.203 ; q=    0.000
 CHEM BEGINS,date=    4/  30/2004 ; @(  28,  56) & slt= 12.08333:  vmr(O3)=    1.217E-06
--------------------------------------------------
MAIN  @ ( 28, 56) : date=   5/ 1/2004 ; t2d=  256.342 ; q=    0.000
 CHEM BEGINS,date=    5/   1/2004 ; @(  28,  56) & slt= 12.08333:  vmr(O3)=    1.215E-06
--------------------------------------------------
MAIN  @ ( 28, 56) : date=   5/ 2/2004 ; t2d=  256.508 ; q=    0.000
 CHEM BEGINS,date=    5/   2/2004 ; @(  28,  56) & slt= 12.08333:  vmr(O3)=    1.213E-06
--------------------------------------------------
MAIN  @ ( 28, 56) : date=   5/ 3/2004 ; t2d=  256.644 ; q=    0.000
 CHEM BEGINS,date=    5/   3/2004 ; @(  28,  56) & slt= 12.08333:  vmr(O3)=    1.211E-06
--------------------------------------------------
MAIN  @ ( 28, 56) : date=   5/ 4/2004 ; t2d=  256.814 ; q=    0.000
 CHEM BEGINS,date=    5/   4/2004 ; @(  28,  56) & slt= 12.08333:  vmr(O3)=    1.209E-06
--------------------------------------------------
MAIN  @ ( 28, 56) : date=   5/ 5/2004 ; t2d=  257.011 ; q=    0.000
 CHEM BEGINS,date=    5/   5/2004 ; @(  28,  56) & slt= 12.08333:  vmr(O3)=    1.206E-06
--------------------------------------------------
MAIN  @ ( 28, 56) : date=   5/ 6/2004 ; t2d=  257.214 ; q=    0.000
 CHEM BEGINS,date=    5/   6/2004 ; @(  28,  56) & slt= 12.08333:  vmr(O3)=    1.203E-06
--------------------------------------------------
MAIN  @ ( 28, 56) : date=   5/ 7/2004 ; t2d=  257.415 ; q=    0.000
 CHEM BEGINS,date=    5/   7/2004 ; @(  28,  56) & slt= 12.08333:  vmr(O3)=    1.201E-06
--------------------------------------------------
MAIN  @ ( 28, 56) : date=   5/ 8/2004 ; t2d=  257.549 ; q=    0.000
 CHEM BEGINS,date=    5/   8/2004 ; @(  28,  56) & slt= 12.08333:  vmr(O3)=    1.199E-06
--------------------------------------------------
MAIN  @ ( 28, 56) : date=   5/ 9/2004 ; t2d=  257.686 ; q=    0.000
 CHEM BEGINS,date=    5/   9/2004 ; @(  28,  56) & slt= 12.08333:  vmr(O3)=    1.197E-06
--------------------------------------------------
MAIN  @ ( 28, 56) : date=   5/10/2004 ; t2d=  257.831 ; q=    0.000
 CHEM BEGINS,date=    5/  10/2004 ; @(  28,  56) & slt= 12.08333:  vmr(O3)=    1.195E-06
--------------------------------------------------
MAIN  @ ( 28, 56) : date=   5/11/2004 ; t2d=  257.991 ; q=    0.000
 CHEM BEGINS,date=    5/  11/2004 ; @(  28,  56) & slt= 12.08333:  vmr(O3)=    1.193E-06
--------------------------------------------------
MAIN  @ ( 28, 56) : date=   5/12/2004 ; t2d=  258.161 ; q=    0.000
 CHEM BEGINS,date=    5/  12/2004 ; @(  28,  56) & slt= 12.08333:  vmr(O3)=    1.191E-06
--------------------------------------------------
MAIN  @ ( 28, 56) : date=   5/13/2004 ; t2d=  258.276 ; q=    0.000
 CHEM BEGINS,date=    5/  13/2004 ; @(  28,  56) & slt= 12.08333:  vmr(O3)=    1.189E-06
--------------------------------------------------
MAIN  @ ( 28, 56) : date=   5/14/2004 ; t2d=  258.400 ; q=    0.000
 CHEM BEGINS,date=    5/  14/2004 ; @(  28,  56) & slt= 12.08333:  vmr(O3)=    1.187E-06
--------------------------------------------------
MAIN  @ ( 28, 56) : date=   5/15/2004 ; t2d=  258.533 ; q=    0.000
 CHEM BEGINS,date=    5/  15/2004 ; @(  28,  56) & slt= 12.08333:  vmr(O3)=    1.185E-06
dvout archive to /home/simonc/tmp/socrates/out/sample.dvout_20040515.nc , date=  5/15/2004
heat  archive to /home/simonc/tmp/socrates/out/sample.heat.nc , date=  5/16/2004
chem  archive to /home/simonc/tmp/socrates/out/sample.chem.nc , date=  5/16/2004
--------------------------------------------------
MAIN  @ ( 28, 56) : date=   5/16/2004 ; t2d=  258.678 ; q=    0.000
 CHEM BEGINS,date=    5/  16/2004 ; @(  28,  56) & slt= 12.08333:  vmr(O3)=    1.183E-06
--------------------------------------------------
MAIN  @ ( 28, 56) : date=   5/17/2004 ; t2d=  258.831 ; q=    0.000
 CHEM BEGINS,date=    5/  17/2004 ; @(  28,  56) & slt= 12.08333:  vmr(O3)=    1.181E-06
--------------------------------------------------
MAIN  @ ( 28, 56) : date=   5/18/2004 ; t2d=  258.941 ; q=    0.000
 CHEM BEGINS,date=    5/  18/2004 ; @(  28,  56) & slt= 12.08333:  vmr(O3)=    1.180E-06
--------------------------------------------------
MAIN  @ ( 28, 56) : date=   5/19/2004 ; t2d=  259.064 ; q=    0.000
 CHEM BEGINS,date=    5/  19/2004 ; @(  28,  56) & slt= 12.08333:  vmr(O3)=    1.178E-06
--------------------------------------------------
MAIN  @ ( 28, 56) : date=   5/20/2004 ; t2d=  259.202 ; q=    0.000
 CHEM BEGINS,date=    5/  20/2004 ; @(  28,  56) & slt= 12.08333:  vmr(O3)=    1.176E-06
--------------------------------------------------
MAIN  @ ( 28, 56) : date=   5/21/2004 ; t2d=  259.347 ; q=    0.000
 CHEM BEGINS,date=    5/  21/2004 ; @(  28,  56) & slt= 12.08333:  vmr(O3)=    1.174E-06
--------------------------------------------------
MAIN  @ ( 28, 56) : date=   5/22/2004 ; t2d=  259.493 ; q=    0.000
 CHEM BEGINS,date=    5/  22/2004 ; @(  28,  56) & slt= 12.08333:  vmr(O3)=    1.172E-06
--------------------------------------------------
MAIN  @ ( 28, 56) : date=   5/23/2004 ; t2d=  259.589 ; q=    0.000
 CHEM BEGINS,date=    5/  23/2004 ; @(  28,  56) & slt= 12.08333:  vmr(O3)=    1.170E-06
--------------------------------------------------
MAIN  @ ( 28, 56) : date=   5/24/2004 ; t2d=  259.696 ; q=    0.000
 CHEM BEGINS,date=    5/  24/2004 ; @(  28,  56) & slt= 12.08333:  vmr(O3)=    1.169E-06
--------------------------------------------------
MAIN  @ ( 28, 56) : date=   5/25/2004 ; t2d=  259.813 ; q=    0.000
 CHEM BEGINS,date=    5/  25/2004 ; @(  28,  56) & slt= 12.08333:  vmr(O3)=    1.167E-06
--------------------------------------------------
MAIN  @ ( 28, 56) : date=   5/26/2004 ; t2d=  259.938 ; q=    0.000
 CHEM BEGINS,date=    5/  26/2004 ; @(  28,  56) & slt= 12.08333:  vmr(O3)=    1.165E-06
--------------------------------------------------
MAIN  @ ( 28, 56) : date=   5/27/2004 ; t2d=  260.069 ; q=    0.000
 CHEM BEGINS,date=    5/  27/2004 ; @(  28,  56) & slt= 12.08333:  vmr(O3)=    1.163E-06
--------------------------------------------------
MAIN  @ ( 28, 56) : date=   5/28/2004 ; t2d=  260.158 ; q=    0.000
 CHEM BEGINS,date=    5/  28/2004 ; @(  28,  56) & slt= 12.08333:  vmr(O3)=    1.162E-06
--------------------------------------------------
MAIN  @ ( 28, 56) : date=   5/29/2004 ; t2d=  260.260 ; q=    0.000
 CHEM BEGINS,date=    5/  29/2004 ; @(  28,  56) & slt= 12.08333:  vmr(O3)=    1.160E-06
--------------------------------------------------
MAIN  @ ( 28, 56) : date=   5/30/2004 ; t2d=  260.371 ; q=    0.000
 CHEM BEGINS,date=    5/  30/2004 ; @(  28,  56) & slt= 12.08333:  vmr(O3)=    1.159E-06
ma    archive to /home/simonc/tmp/socrates/out/sample.ma.nc , date=  5/31/2004
--------------------------------------------------
MAIN  @ ( 28, 56) : date=   5/31/2004 ; t2d=  260.486 ; q=    0.000
 CHEM BEGINS,date=    5/  31/2004 ; @(  28,  56) & slt= 12.08333:  vmr(O3)=    1.157E-06
--------------------------------------------------
MAIN  @ ( 28, 56) : date=   6/ 1/2004 ; t2d=  260.601 ; q=    0.000
 CHEM BEGINS,date=    6/   1/2004 ; @(  28,  56) & slt= 12.08333:  vmr(O3)=    1.155E-06
--------------------------------------------------
MAIN  @ ( 28, 56) : date=   6/ 2/2004 ; t2d=  260.673 ; q=    0.000
 CHEM BEGINS,date=    6/   2/2004 ; @(  28,  56) & slt= 12.08333:  vmr(O3)=    1.154E-06
--------------------------------------------------
MAIN  @ ( 28, 56) : date=   6/ 3/2004 ; t2d=  260.754 ; q=    0.000
 CHEM BEGINS,date=    6/   3/2004 ; @(  28,  56) & slt= 12.08333:  vmr(O3)=    1.153E-06
--------------------------------------------------
MAIN  @ ( 28, 56) : date=   6/ 4/2004 ; t2d=  260.843 ; q=    0.000
 CHEM BEGINS,date=    6/   4/2004 ; @(  28,  56) & slt= 12.08333:  vmr(O3)=    1.151E-06
--------------------------------------------------
MAIN  @ ( 28, 56) : date=   6/ 5/2004 ; t2d=  260.938 ; q=    0.000
 CHEM BEGINS,date=    6/   5/2004 ; @(  28,  56) & slt= 12.08333:  vmr(O3)=    1.150E-06
--------------------------------------------------
MAIN  @ ( 28, 56) : date=   6/ 6/2004 ; t2d=  261.034 ; q=    0.000
 CHEM BEGINS,date=    6/   6/2004 ; @(  28,  56) & slt= 12.08333:  vmr(O3)=    1.149E-06
--------------------------------------------------
MAIN  @ ( 28, 56) : date=   6/ 7/2004 ; t2d=  261.103 ; q=    0.000
 CHEM BEGINS,date=    6/   7/2004 ; @(  28,  56) & slt= 12.08333:  vmr(O3)=    1.147E-06
--------------------------------------------------
MAIN  @ ( 28, 56) : date=   6/ 8/2004 ; t2d=  261.180 ; q=    0.000
 CHEM BEGINS,date=    6/   8/2004 ; @(  28,  56) & slt= 12.08333:  vmr(O3)=    1.146E-06
--------------------------------------------------
MAIN  @ ( 28, 56) : date=   6/ 9/2004 ; t2d=  261.259 ; q=    0.000
 CHEM BEGINS,date=    6/   9/2004 ; @(  28,  56) & slt= 12.08333:  vmr(O3)=    1.145E-06
--------------------------------------------------
MAIN  @ ( 28, 56) : date=   6/10/2004 ; t2d=  261.343 ; q=    0.000
 CHEM BEGINS,date=    6/  10/2004 ; @(  28,  56) & slt= 12.08333:  vmr(O3)=    1.143E-06
--------------------------------------------------
MAIN  @ ( 28, 56) : date=   6/11/2004 ; t2d=  261.426 ; q=    0.000
 CHEM BEGINS,date=    6/  11/2004 ; @(  28,  56) & slt= 12.08333:  vmr(O3)=    1.142E-06
--------------------------------------------------
MAIN  @ ( 28, 56) : date=   6/12/2004 ; t2d=  261.484 ; q=    0.000
 CHEM BEGINS,date=    6/  12/2004 ; @(  28,  56) & slt= 12.08333:  vmr(O3)=    1.141E-06
--------------------------------------------------
MAIN  @ ( 28, 56) : date=   6/13/2004 ; t2d=  261.545 ; q=    0.000
 CHEM BEGINS,date=    6/  13/2004 ; @(  28,  56) & slt= 12.08333:  vmr(O3)=    1.140E-06
--------------------------------------------------
MAIN  @ ( 28, 56) : date=   6/14/2004 ; t2d=  261.608 ; q=    0.000
 CHEM BEGINS,date=    6/  14/2004 ; @(  28,  56) & slt= 12.08333:  vmr(O3)=    1.139E-06
heat  archive to /home/simonc/tmp/socrates/out/sample.heat.nc , date=  6/15/2004
chem  archive to /home/simonc/tmp/socrates/out/sample.chem.nc , date=  6/15/2004
--------------------------------------------------
MAIN  @ ( 28, 56) : date=   6/15/2004 ; t2d=  261.671 ; q=    0.000
 CHEM BEGINS,date=    6/  15/2004 ; @(  28,  56) & slt= 12.08333:  vmr(O3)=    1.138E-06
dvout archive to /home/simonc/tmp/socrates/out/sample.dvout_20040615.nc , date=  6/15/2004
--------------------------------------------------
MAIN  @ ( 28, 56) : date=   6/16/2004 ; t2d=  261.733 ; q=    0.000
 CHEM BEGINS,date=    6/  16/2004 ; @(  28,  56) & slt= 12.08333:  vmr(O3)=    1.137E-06
--------------------------------------------------
MAIN  @ ( 28, 56) : date=   6/17/2004 ; t2d=  261.779 ; q=    0.000
 CHEM BEGINS,date=    6/  17/2004 ; @(  28,  56) & slt= 12.08333:  vmr(O3)=    1.136E-06
--------------------------------------------------
MAIN  @ ( 28, 56) : date=   6/18/2004 ; t2d=  261.827 ; q=    0.000
 CHEM BEGINS,date=    6/  18/2004 ; @(  28,  56) & slt= 12.08333:  vmr(O3)=    1.135E-06
--------------------------------------------------
MAIN  @ ( 28, 56) : date=   6/19/2004 ; t2d=  261.875 ; q=    0.000
 CHEM BEGINS,date=    6/  19/2004 ; @(  28,  56) & slt= 12.08333:  vmr(O3)=    1.134E-06
--------------------------------------------------
MAIN  @ ( 28, 56) : date=   6/20/2004 ; t2d=  261.921 ; q=    0.000
 CHEM BEGINS,date=    6/  20/2004 ; @(  28,  56) & slt= 12.08333:  vmr(O3)=    1.133E-06
--------------------------------------------------
MAIN  @ ( 28, 56) : date=   6/21/2004 ; t2d=  261.967 ; q=    0.000
 CHEM BEGINS,date=    6/  21/2004 ; @(  28,  56) & slt= 12.08333:  vmr(O3)=    1.132E-06
--------------------------------------------------
MAIN  @ ( 28, 56) : date=   6/22/2004 ; t2d=  262.002 ; q=    0.000
 CHEM BEGINS,date=    6/  22/2004 ; @(  28,  56) & slt= 12.08333:  vmr(O3)=    1.132E-06
--------------------------------------------------
MAIN  @ ( 28, 56) : date=   6/23/2004 ; t2d=  262.035 ; q=    0.000
 CHEM BEGINS,date=    6/  23/2004 ; @(  28,  56) & slt= 12.08333:  vmr(O3)=    1.131E-06
--------------------------------------------------
MAIN  @ ( 28, 56) : date=   6/24/2004 ; t2d=  262.067 ; q=    0.000
 CHEM BEGINS,date=    6/  24/2004 ; @(  28,  56) & slt= 12.08333:  vmr(O3)=    1.130E-06
--------------------------------------------------
MAIN  @ ( 28, 56) : date=   6/25/2004 ; t2d=  262.095 ; q=    0.000
 CHEM BEGINS,date=    6/  25/2004 ; @(  28,  56) & slt= 12.08333:  vmr(O3)=    1.130E-06
--------------------------------------------------
MAIN  @ ( 28, 56) : date=   6/26/2004 ; t2d=  262.123 ; q=    0.000
 CHEM BEGINS,date=    6/  26/2004 ; @(  28,  56) & slt= 12.08333:  vmr(O3)=    1.129E-06
--------------------------------------------------
MAIN  @ ( 28, 56) : date=   6/27/2004 ; t2d=  262.144 ; q=    0.000
 CHEM BEGINS,date=    6/  27/2004 ; @(  28,  56) & slt= 12.08333:  vmr(O3)=    1.128E-06
--------------------------------------------------
MAIN  @ ( 28, 56) : date=   6/28/2004 ; t2d=  262.161 ; q=    0.000
 CHEM BEGINS,date=    6/  28/2004 ; @(  28,  56) & slt= 12.08333:  vmr(O3)=    1.128E-06
--------------------------------------------------
MAIN  @ ( 28, 56) : date=   6/29/2004 ; t2d=  262.175 ; q=    0.000
 CHEM BEGINS,date=    6/  29/2004 ; @(  28,  56) & slt= 12.08333:  vmr(O3)=    1.127E-06
ma    archive to /home/simonc/tmp/socrates/out/sample.ma.nc , date=  6/30/2004
--------------------------------------------------
MAIN  @ ( 28, 56) : date=   6/30/2004 ; t2d=  262.186 ; q=    0.000
 CHEM BEGINS,date=    6/  30/2004 ; @(  28,  56) & slt= 12.08333:  vmr(O3)=    1.127E-06
--------------------------------------------------
MAIN  @ ( 28, 56) : date=   7/ 1/2004 ; t2d=  262.195 ; q=    0.000
 CHEM BEGINS,date=    7/   1/2004 ; @(  28,  56) & slt= 12.08333:  vmr(O3)=    1.126E-06
--------------------------------------------------
MAIN  @ ( 28, 56) : date=   7/ 2/2004 ; t2d=  262.201 ; q=    0.000
 CHEM BEGINS,date=    7/   2/2004 ; @(  28,  56) & slt= 12.08333:  vmr(O3)=    1.126E-06
--------------------------------------------------
MAIN  @ ( 28, 56) : date=   7/ 3/2004 ; t2d=  262.204 ; q=    0.000
 CHEM BEGINS,date=    7/   3/2004 ; @(  28,  56) & slt= 12.08333:  vmr(O3)=    1.126E-06
--------------------------------------------------
MAIN  @ ( 28, 56) : date=   7/ 4/2004 ; t2d=  262.204 ; q=    0.000
 CHEM BEGINS,date=    7/   4/2004 ; @(  28,  56) & slt= 12.08333:  vmr(O3)=    1.126E-06
--------------------------------------------------
MAIN  @ ( 28, 56) : date=   7/ 5/2004 ; t2d=  262.202 ; q=    0.000
 CHEM BEGINS,date=    7/   5/2004 ; @(  28,  56) & slt= 12.08333:  vmr(O3)=    1.125E-06
--------------------------------------------------
MAIN  @ ( 28, 56) : date=   7/ 6/2004 ; t2d=  262.196 ; q=    0.000
 CHEM BEGINS,date=    7/   6/2004 ; @(  28,  56) & slt= 12.08333:  vmr(O3)=    1.125E-06
--------------------------------------------------
MAIN  @ ( 28, 56) : date=   7/ 7/2004 ; t2d=  262.188 ; q=    0.000
 CHEM BEGINS,date=    7/   7/2004 ; @(  28,  56) & slt= 12.08333:  vmr(O3)=    1.125E-06
--------------------------------------------------
MAIN  @ ( 28, 56) : date=   7/ 8/2004 ; t2d=  262.176 ; q=    0.000
 CHEM BEGINS,date=    7/   8/2004 ; @(  28,  56) & slt= 12.08333:  vmr(O3)=    1.125E-06
--------------------------------------------------
MAIN  @ ( 28, 56) : date=   7/ 9/2004 ; t2d=  262.162 ; q=    0.000
 CHEM BEGINS,date=    7/   9/2004 ; @(  28,  56) & slt= 12.08333:  vmr(O3)=    1.125E-06
--------------------------------------------------
MAIN  @ ( 28, 56) : date=   7/10/2004 ; t2d=  262.144 ; q=    0.000
 CHEM BEGINS,date=    7/  10/2004 ; @(  28,  56) & slt= 12.08333:  vmr(O3)=    1.125E-06
--------------------------------------------------
MAIN  @ ( 28, 56) : date=   7/11/2004 ; t2d=  262.122 ; q=    0.000
 CHEM BEGINS,date=    7/  11/2004 ; @(  28,  56) & slt= 12.08333:  vmr(O3)=    1.124E-06
--------------------------------------------------
MAIN  @ ( 28, 56) : date=   7/12/2004 ; t2d=  262.104 ; q=    0.000
 CHEM BEGINS,date=    7/  12/2004 ; @(  28,  56) & slt= 12.08333:  vmr(O3)=    1.124E-06
--------------------------------------------------
MAIN  @ ( 28, 56) : date=   7/13/2004 ; t2d=  262.080 ; q=    0.000
 CHEM BEGINS,date=    7/  13/2004 ; @(  28,  56) & slt= 12.08333:  vmr(O3)=    1.124E-06
--------------------------------------------------
MAIN  @ ( 28, 56) : date=   7/14/2004 ; t2d=  262.053 ; q=    0.000
 CHEM BEGINS,date=    7/  14/2004 ; @(  28,  56) & slt= 12.08333:  vmr(O3)=    1.125E-06
heat  archive to /home/simonc/tmp/socrates/out/sample.heat.nc , date=  7/15/2004
chem  archive to /home/simonc/tmp/socrates/out/sample.chem.nc , date=  7/15/2004
--------------------------------------------------
MAIN  @ ( 28, 56) : date=   7/15/2004 ; t2d=  262.021 ; q=    0.000
 CHEM BEGINS,date=    7/  15/2004 ; @(  28,  56) & slt= 12.08333:  vmr(O3)=    1.125E-06
dvout archive to /home/simonc/tmp/socrates/out/sample.dvout_20040715.nc , date=  7/15/2004
--------------------------------------------------
MAIN  @ ( 28, 56) : date=   7/16/2004 ; t2d=  261.988 ; q=    0.000
 CHEM BEGINS,date=    7/  16/2004 ; @(  28,  56) & slt= 12.08333:  vmr(O3)=    1.124E-06
--------------------------------------------------
MAIN  @ ( 28, 56) : date=   7/17/2004 ; t2d=  261.953 ; q=    0.000
 CHEM BEGINS,date=    7/  17/2004 ; @(  28,  56) & slt= 12.08333:  vmr(O3)=    1.125E-06
--------------------------------------------------
MAIN  @ ( 28, 56) : date=   7/18/2004 ; t2d=  261.912 ; q=    0.000
 CHEM BEGINS,date=    7/  18/2004 ; @(  28,  56) & slt= 12.08333:  vmr(O3)=    1.125E-06
--------------------------------------------------
MAIN  @ ( 28, 56) : date=   7/19/2004 ; t2d=  261.867 ; q=    0.000
 CHEM BEGINS,date=    7/  19/2004 ; @(  28,  56) & slt= 12.08333:  vmr(O3)=    1.125E-06
--------------------------------------------------
MAIN  @ ( 28, 56) : date=   7/20/2004 ; t2d=  261.819 ; q=    0.000
 CHEM BEGINS,date=    7/  20/2004 ; @(  28,  56) & slt= 12.08333:  vmr(O3)=    1.126E-06
--------------------------------------------------
MAIN  @ ( 28, 56) : date=   7/21/2004 ; t2d=  261.768 ; q=    0.000
 CHEM BEGINS,date=    7/  21/2004 ; @(  28,  56) & slt= 12.08333:  vmr(O3)=    1.126E-06
--------------------------------------------------
MAIN  @ ( 28, 56) : date=   7/22/2004 ; t2d=  261.718 ; q=    0.000
 CHEM BEGINS,date=    7/  22/2004 ; @(  28,  56) & slt= 12.08333:  vmr(O3)=    1.126E-06
--------------------------------------------------
MAIN  @ ( 28, 56) : date=   7/23/2004 ; t2d=  261.663 ; q=    0.000
 CHEM BEGINS,date=    7/  23/2004 ; @(  28,  56) & slt= 12.08333:  vmr(O3)=    1.127E-06
--------------------------------------------------
MAIN  @ ( 28, 56) : date=   7/24/2004 ; t2d=  261.604 ; q=    0.000
 CHEM BEGINS,date=    7/  24/2004 ; @(  28,  56) & slt= 12.08333:  vmr(O3)=    1.127E-06
--------------------------------------------------
MAIN  @ ( 28, 56) : date=   7/25/2004 ; t2d=  261.541 ; q=    0.000
 CHEM BEGINS,date=    7/  25/2004 ; @(  28,  56) & slt= 12.08333:  vmr(O3)=    1.128E-06
--------------------------------------------------
MAIN  @ ( 28, 56) : date=   7/26/2004 ; t2d=  261.475 ; q=    0.000
 CHEM BEGINS,date=    7/  26/2004 ; @(  28,  56) & slt= 12.08333:  vmr(O3)=    1.128E-06
--------------------------------------------------
MAIN  @ ( 28, 56) : date=   7/27/2004 ; t2d=  261.410 ; q=    0.000
 CHEM BEGINS,date=    7/  27/2004 ; @(  28,  56) & slt= 12.08333:  vmr(O3)=    1.128E-06
--------------------------------------------------
MAIN  @ ( 28, 56) : date=   7/28/2004 ; t2d=  261.339 ; q=    0.000
 CHEM BEGINS,date=    7/  28/2004 ; @(  28,  56) & slt= 12.08333:  vmr(O3)=    1.129E-06
--------------------------------------------------
MAIN  @ ( 28, 56) : date=   7/29/2004 ; t2d=  261.267 ; q=    0.000
 CHEM BEGINS,date=    7/  29/2004 ; @(  28,  56) & slt= 12.08333:  vmr(O3)=    1.130E-06
--------------------------------------------------
MAIN  @ ( 28, 56) : date=   7/30/2004 ; t2d=  261.193 ; q=    0.000
 CHEM BEGINS,date=    7/  30/2004 ; @(  28,  56) & slt= 12.08333:  vmr(O3)=    1.131E-06
ma    archive to /home/simonc/tmp/socrates/out/sample.ma.nc , date=  7/31/2004
--------------------------------------------------
MAIN  @ ( 28, 56) : date=   7/31/2004 ; t2d=  261.117 ; q=    0.000
 CHEM BEGINS,date=    7/  31/2004 ; @(  28,  56) & slt= 12.08333:  vmr(O3)=    1.131E-06
--------------------------------------------------
MAIN  @ ( 28, 56) : date=   8/ 1/2004 ; t2d=  261.051 ; q=    0.000
 CHEM BEGINS,date=    8/   1/2004 ; @(  28,  56) & slt= 12.08333:  vmr(O3)=    1.131E-06
--------------------------------------------------
MAIN  @ ( 28, 56) : date=   8/ 2/2004 ; t2d=  260.978 ; q=    0.000
 CHEM BEGINS,date=    8/   2/2004 ; @(  28,  56) & slt= 12.08333:  vmr(O3)=    1.132E-06
--------------------------------------------------
MAIN  @ ( 28, 56) : date=   8/ 3/2004 ; t2d=  260.903 ; q=    0.000
 CHEM BEGINS,date=    8/   3/2004 ; @(  28,  56) & slt= 12.08333:  vmr(O3)=    1.133E-06
--------------------------------------------------
MAIN  @ ( 28, 56) : date=   8/ 4/2004 ; t2d=  260.825 ; q=    0.000
 CHEM BEGINS,date=    8/   4/2004 ; @(  28,  56) & slt= 12.08333:  vmr(O3)=    1.134E-06
--------------------------------------------------
MAIN  @ ( 28, 56) : date=   8/ 5/2004 ; t2d=  260.746 ; q=    0.000
 CHEM BEGINS,date=    8/   5/2004 ; @(  28,  56) & slt= 12.08333:  vmr(O3)=    1.134E-06
--------------------------------------------------
MAIN  @ ( 28, 56) : date=   8/ 6/2004 ; t2d=  260.674 ; q=    0.000
 CHEM BEGINS,date=    8/   6/2004 ; @(  28,  56) & slt= 12.08333:  vmr(O3)=    1.135E-06
--------------------------------------------------
MAIN  @ ( 28, 56) : date=   8/ 7/2004 ; t2d=  260.595 ; q=    0.000
 CHEM BEGINS,date=    8/   7/2004 ; @(  28,  56) & slt= 12.08333:  vmr(O3)=    1.136E-06
--------------------------------------------------
MAIN  @ ( 28, 56) : date=   8/ 8/2004 ; t2d=  260.510 ; q=    0.000
 CHEM BEGINS,date=    8/   8/2004 ; @(  28,  56) & slt= 12.08333:  vmr(O3)=    1.137E-06
--------------------------------------------------
MAIN  @ ( 28, 56) : date=   8/ 9/2004 ; t2d=  260.420 ; q=   -0.000
 CHEM BEGINS,date=    8/   9/2004 ; @(  28,  56) & slt= 12.08333:  vmr(O3)=    1.138E-06
--------------------------------------------------
MAIN  @ ( 28, 56) : date=   8/10/2004 ; t2d=  260.327 ; q=   -0.000
 CHEM BEGINS,date=    8/  10/2004 ; @(  28,  56) & slt= 12.08333:  vmr(O3)=    1.137E-06
--------------------------------------------------
MAIN  @ ( 28, 56) : date=   8/11/2004 ; t2d=  260.244 ; q=   -0.000
 CHEM BEGINS,date=    8/  11/2004 ; @(  28,  56) & slt= 12.08333:  vmr(O3)=    1.139E-06
--------------------------------------------------
MAIN  @ ( 28, 56) : date=   8/12/2004 ; t2d=  260.152 ; q=   -0.000
 CHEM BEGINS,date=    8/  12/2004 ; @(  28,  56) & slt= 12.08333:  vmr(O3)=    1.140E-06
--------------------------------------------------
MAIN  @ ( 28, 56) : date=   8/13/2004 ; t2d=  260.056 ; q=   -0.000
 CHEM BEGINS,date=    8/  13/2004 ; @(  28,  56) & slt= 12.08333:  vmr(O3)=    1.141E-06
heat  archive to /home/simonc/tmp/socrates/out/sample.heat.nc , date=  8/14/2004
chem  archive to /home/simonc/tmp/socrates/out/sample.chem.nc , date=  8/14/2004
--------------------------------------------------
MAIN  @ ( 28, 56) : date=   8/14/2004 ; t2d=  259.963 ; q=   -0.000
 CHEM BEGINS,date=    8/  14/2004 ; @(  28,  56) & slt= 12.08333:  vmr(O3)=    1.142E-06
--------------------------------------------------
MAIN  @ ( 28, 56) : date=   8/15/2004 ; t2d=  259.869 ; q=   -0.000
 CHEM BEGINS,date=    8/  15/2004 ; @(  28,  56) & slt= 12.08333:  vmr(O3)=    1.142E-06
dvout archive to /home/simonc/tmp/socrates/out/sample.dvout_20040815.nc , date=  8/15/2004
--------------------------------------------------
MAIN  @ ( 28, 56) : date=   8/16/2004 ; t2d=  259.794 ; q=   -0.000
 CHEM BEGINS,date=    8/  16/2004 ; @(  28,  56) & slt= 12.08333:  vmr(O3)=    1.143E-06
--------------------------------------------------
MAIN  @ ( 28, 56) : date=   8/17/2004 ; t2d=  259.717 ; q=   -0.000
 CHEM BEGINS,date=    8/  17/2004 ; @(  28,  56) & slt= 12.08333:  vmr(O3)=    1.144E-06
--------------------------------------------------
MAIN  @ ( 28, 56) : date=   8/18/2004 ; t2d=  259.635 ; q=   -0.000
 CHEM BEGINS,date=    8/  18/2004 ; @(  28,  56) & slt= 12.08333:  vmr(O3)=    1.145E-06
--------------------------------------------------
MAIN  @ ( 28, 56) : date=   8/19/2004 ; t2d=  259.551 ; q=   -0.000
 CHEM BEGINS,date=    8/  19/2004 ; @(  28,  56) & slt= 12.08333:  vmr(O3)=    1.146E-06
--------------------------------------------------
MAIN  @ ( 28, 56) : date=   8/20/2004 ; t2d=  259.464 ; q=   -0.000
 CHEM BEGINS,date=    8/  20/2004 ; @(  28,  56) & slt= 12.08333:  vmr(O3)=    1.145E-06
--------------------------------------------------
MAIN  @ ( 28, 56) : date=   8/21/2004 ; t2d=  259.390 ; q=   -0.000
 CHEM BEGINS,date=    8/  21/2004 ; @(  28,  56) & slt= 12.08333:  vmr(O3)=    1.146E-06
--------------------------------------------------
MAIN  @ ( 28, 56) : date=   8/22/2004 ; t2d=  259.308 ; q=   -0.000
 CHEM BEGINS,date=    8/  22/2004 ; @(  28,  56) & slt= 12.08333:  vmr(O3)=    1.147E-06
--------------------------------------------------
MAIN  @ ( 28, 56) : date=   8/23/2004 ; t2d=  259.223 ; q=   -0.000
 CHEM BEGINS,date=    8/  23/2004 ; @(  28,  56) & slt= 12.08333:  vmr(O3)=    1.149E-06
--------------------------------------------------
MAIN  @ ( 28, 56) : date=   8/24/2004 ; t2d=  259.136 ; q=   -0.000
 CHEM BEGINS,date=    8/  24/2004 ; @(  28,  56) & slt= 12.08333:  vmr(O3)=    1.150E-06
--------------------------------------------------
MAIN  @ ( 28, 56) : date=   8/25/2004 ; t2d=  259.039 ; q=   -0.000
 CHEM BEGINS,date=    8/  25/2004 ; @(  28,  56) & slt= 12.08333:  vmr(O3)=    1.149E-06
--------------------------------------------------
MAIN  @ ( 28, 56) : date=   8/26/2004 ; t2d=  258.947 ; q=   -0.000
 CHEM BEGINS,date=    8/  26/2004 ; @(  28,  56) & slt= 12.08333:  vmr(O3)=    1.150E-06
--------------------------------------------------
MAIN  @ ( 28, 56) : date=   8/27/2004 ; t2d=  258.828 ; q=   -0.000
 CHEM BEGINS,date=    8/  27/2004 ; @(  28,  56) & slt= 12.08333:  vmr(O3)=    1.152E-06
--------------------------------------------------
MAIN  @ ( 28, 56) : date=   8/28/2004 ; t2d=  258.684 ; q=   -0.000
 CHEM BEGINS,date=    8/  28/2004 ; @(  28,  56) & slt= 12.08333:  vmr(O3)=    1.154E-06
--------------------------------------------------
MAIN  @ ( 28, 56) : date=   8/29/2004 ; t2d=  258.514 ; q=   -0.000
 CHEM BEGINS,date=    8/  29/2004 ; @(  28,  56) & slt= 12.08333:  vmr(O3)=    1.156E-06
--------------------------------------------------
MAIN  @ ( 28, 56) : date=   8/30/2004 ; t2d=  258.316 ; q=   -0.000
 CHEM BEGINS,date=    8/  30/2004 ; @(  28,  56) & slt= 12.08333:  vmr(O3)=    1.157E-06
ma    archive to /home/simonc/tmp/socrates/out/sample.ma.nc , date=  8/31/2004
--------------------------------------------------
MAIN  @ ( 28, 56) : date=   8/31/2004 ; t2d=  258.113 ; q=   -0.000
 CHEM BEGINS,date=    8/  31/2004 ; @(  28,  56) & slt= 12.08333:  vmr(O3)=    1.160E-06
--------------------------------------------------
MAIN  @ ( 28, 56) : date=   9/ 1/2004 ; t2d=  257.905 ; q=   -0.000
 CHEM BEGINS,date=    9/   1/2004 ; @(  28,  56) & slt= 12.08333:  vmr(O3)=    1.162E-06
--------------------------------------------------
MAIN  @ ( 28, 56) : date=   9/ 2/2004 ; t2d=  257.704 ; q=   -0.000
 CHEM BEGINS,date=    9/   2/2004 ; @(  28,  56) & slt= 12.08333:  vmr(O3)=    1.165E-06
--------------------------------------------------
MAIN  @ ( 28, 56) : date=   9/ 3/2004 ; t2d=  257.538 ; q=   -0.000
 CHEM BEGINS,date=    9/   3/2004 ; @(  28,  56) & slt= 12.08333:  vmr(O3)=    1.167E-06
--------------------------------------------------
MAIN  @ ( 28, 56) : date=   9/ 4/2004 ; t2d=  257.403 ; q=   -0.000
 CHEM BEGINS,date=    9/   4/2004 ; @(  28,  56) & slt= 12.08333:  vmr(O3)=    1.167E-06
--------------------------------------------------
MAIN  @ ( 28, 56) : date=   9/ 5/2004 ; t2d=  257.325 ; q=   -0.000
 CHEM BEGINS,date=    9/   5/2004 ; @(  28,  56) & slt= 12.08333:  vmr(O3)=    1.168E-06
--------------------------------------------------
MAIN  @ ( 28, 56) : date=   9/ 6/2004 ; t2d=  257.281 ; q=   -0.000
 CHEM BEGINS,date=    9/   6/2004 ; @(  28,  56) & slt= 12.08333:  vmr(O3)=    1.169E-06
--------------------------------------------------
MAIN  @ ( 28, 56) : date=   9/ 7/2004 ; t2d=  257.267 ; q=   -0.000
 CHEM BEGINS,date=    9/   7/2004 ; @(  28,  56) & slt= 12.08333:  vmr(O3)=    1.169E-06
--------------------------------------------------
MAIN  @ ( 28, 56) : date=   9/ 8/2004 ; t2d=  257.288 ; q=   -0.000
 CHEM BEGINS,date=    9/   8/2004 ; @(  28,  56) & slt= 12.08333:  vmr(O3)=    1.169E-06
--------------------------------------------------
MAIN  @ ( 28, 56) : date=   9/ 9/2004 ; t2d=  257.341 ; q=   -0.000
 CHEM BEGINS,date=    9/   9/2004 ; @(  28,  56) & slt= 12.08333:  vmr(O3)=    1.165E-06
--------------------------------------------------
MAIN  @ ( 28, 56) : date=   9/10/2004 ; t2d=  257.443 ; q=   -0.000
 CHEM BEGINS,date=    9/  10/2004 ; @(  28,  56) & slt= 12.08333:  vmr(O3)=    1.164E-06
--------------------------------------------------
MAIN  @ ( 28, 56) : date=   9/11/2004 ; t2d=  257.568 ; q=   -0.000
 CHEM BEGINS,date=    9/  11/2004 ; @(  28,  56) & slt= 12.08333:  vmr(O3)=    1.162E-06
--------------------------------------------------
MAIN  @ ( 28, 56) : date=   9/12/2004 ; t2d=  257.706 ; q=   -0.000
 CHEM BEGINS,date=    9/  12/2004 ; @(  28,  56) & slt= 12.08333:  vmr(O3)=    1.161E-06
heat  archive to /home/simonc/tmp/socrates/out/sample.heat.nc , date=  9/13/2004
chem  archive to /home/simonc/tmp/socrates/out/sample.chem.nc , date=  9/13/2004
--------------------------------------------------
MAIN  @ ( 28, 56) : date=   9/13/2004 ; t2d=  257.855 ; q=   -0.000
 CHEM BEGINS,date=    9/  13/2004 ; @(  28,  56) & slt= 12.08333:  vmr(O3)=    1.159E-06
--------------------------------------------------
MAIN  @ ( 28, 56) : date=   9/14/2004 ; t2d=  258.012 ; q=   -0.000
 CHEM BEGINS,date=    9/  14/2004 ; @(  28,  56) & slt= 12.08333:  vmr(O3)=    1.154E-06
--------------------------------------------------
MAIN  @ ( 28, 56) : date=   9/15/2004 ; t2d=  258.191 ; q=   -0.000
 CHEM BEGINS,date=    9/  15/2004 ; @(  28,  56) & slt= 12.08333:  vmr(O3)=    1.152E-06
dvout archive to /home/simonc/tmp/socrates/out/sample.dvout_20040915.nc , date=  9/15/2004
--------------------------------------------------
MAIN  @ ( 28, 56) : date=   9/16/2004 ; t2d=  258.373 ; q=   -0.000
 CHEM BEGINS,date=    9/  16/2004 ; @(  28,  56) & slt= 12.08333:  vmr(O3)=    1.149E-06
--------------------------------------------------
MAIN  @ ( 28, 56) : date=   9/17/2004 ; t2d=  258.558 ; q=   -0.000
 CHEM BEGINS,date=    9/  17/2004 ; @(  28,  56) & slt= 12.08333:  vmr(O3)=    1.147E-06
--------------------------------------------------
MAIN  @ ( 28, 56) : date=   9/18/2004 ; t2d=  258.747 ; q=   -0.000
 CHEM BEGINS,date=    9/  18/2004 ; @(  28,  56) & slt= 12.08333:  vmr(O3)=    1.145E-06
--------------------------------------------------
MAIN  @ ( 28, 56) : date=   9/19/2004 ; t2d=  258.942 ; q=   -0.000
 CHEM BEGINS,date=    9/  19/2004 ; @(  28,  56) & slt= 12.08333:  vmr(O3)=    1.139E-06
--------------------------------------------------
MAIN  @ ( 28, 56) : date=   9/20/2004 ; t2d=  259.158 ; q=   -0.000
 CHEM BEGINS,date=    9/  20/2004 ; @(  28,  56) & slt= 12.08333:  vmr(O3)=    1.137E-06
--------------------------------------------------
MAIN  @ ( 28, 56) : date=   9/21/2004 ; t2d=  259.373 ; q=   -0.000
 CHEM BEGINS,date=    9/  21/2004 ; @(  28,  56) & slt= 12.08333:  vmr(O3)=    1.135E-06
--------------------------------------------------
MAIN  @ ( 28, 56) : date=   9/22/2004 ; t2d=  259.588 ; q=   -0.000
 CHEM BEGINS,date=    9/  22/2004 ; @(  28,  56) & slt= 12.08333:  vmr(O3)=    1.132E-06
--------------------------------------------------
MAIN  @ ( 28, 56) : date=   9/23/2004 ; t2d=  259.804 ; q=   -0.000
 CHEM BEGINS,date=    9/  23/2004 ; @(  28,  56) & slt= 12.08333:  vmr(O3)=    1.130E-06
--------------------------------------------------
MAIN  @ ( 28, 56) : date=   9/24/2004 ; t2d=  260.020 ; q=   -0.000
 CHEM BEGINS,date=    9/  24/2004 ; @(  28,  56) & slt= 12.08333:  vmr(O3)=    1.124E-06
--------------------------------------------------
MAIN  @ ( 28, 56) : date=   9/25/2004 ; t2d=  260.251 ; q=   -0.000
 CHEM BEGINS,date=    9/  25/2004 ; @(  28,  56) & slt= 12.08333:  vmr(O3)=    1.121E-06
--------------------------------------------------
MAIN  @ ( 28, 56) : date=   9/26/2004 ; t2d=  260.477 ; q=   -0.000
 CHEM BEGINS,date=    9/  26/2004 ; @(  28,  56) & slt= 12.08333:  vmr(O3)=    1.119E-06
--------------------------------------------------
MAIN  @ ( 28, 56) : date=   9/27/2004 ; t2d=  260.700 ; q=   -0.000
 CHEM BEGINS,date=    9/  27/2004 ; @(  28,  56) & slt= 12.08333:  vmr(O3)=    1.117E-06
--------------------------------------------------
MAIN  @ ( 28, 56) : date=   9/28/2004 ; t2d=  260.922 ; q=   -0.000
 CHEM BEGINS,date=    9/  28/2004 ; @(  28,  56) & slt= 12.08333:  vmr(O3)=    1.114E-06
--------------------------------------------------
MAIN  @ ( 28, 56) : date=   9/29/2004 ; t2d=  261.144 ; q=   -0.000
 CHEM BEGINS,date=    9/  29/2004 ; @(  28,  56) & slt= 12.08333:  vmr(O3)=    1.108E-06
ma    archive to /home/simonc/tmp/socrates/out/sample.ma.nc , date=  9/30/2004
--------------------------------------------------
MAIN  @ ( 28, 56) : date=   9/30/2004 ; t2d=  261.372 ; q=   -0.000
 CHEM BEGINS,date=    9/  30/2004 ; @(  28,  56) & slt= 12.08333:  vmr(O3)=    1.106E-06
--------------------------------------------------
MAIN  @ ( 28, 56) : date=  10/ 1/2004 ; t2d=  261.599 ; q=   -0.000
 CHEM BEGINS,date=   10/   1/2004 ; @(  28,  56) & slt= 12.08333:  vmr(O3)=    1.103E-06
--------------------------------------------------
MAIN  @ ( 28, 56) : date=  10/ 2/2004 ; t2d=  261.825 ; q=   -0.000
 CHEM BEGINS,date=   10/   2/2004 ; @(  28,  56) & slt= 12.08333:  vmr(O3)=    1.101E-06
--------------------------------------------------
MAIN  @ ( 28, 56) : date=  10/ 3/2004 ; t2d=  262.049 ; q=   -0.000
 CHEM BEGINS,date=   10/   3/2004 ; @(  28,  56) & slt= 12.08333:  vmr(O3)=    1.098E-06
--------------------------------------------------
MAIN  @ ( 28, 56) : date=  10/ 4/2004 ; t2d=  262.271 ; q=   -0.000
 CHEM BEGINS,date=   10/   4/2004 ; @(  28,  56) & slt= 12.08333:  vmr(O3)=    1.092E-06
--------------------------------------------------
MAIN  @ ( 28, 56) : date=  10/ 5/2004 ; t2d=  262.500 ; q=   -0.000
 CHEM BEGINS,date=   10/   5/2004 ; @(  28,  56) & slt= 12.08333:  vmr(O3)=    1.089E-06
--------------------------------------------------
MAIN  @ ( 28, 56) : date=  10/ 6/2004 ; t2d=  262.727 ; q=   -0.000
 CHEM BEGINS,date=   10/   6/2004 ; @(  28,  56) & slt= 12.08333:  vmr(O3)=    1.087E-06
--------------------------------------------------
MAIN  @ ( 28, 56) : date=  10/ 7/2004 ; t2d=  262.958 ; q=   -0.000
 CHEM BEGINS,date=   10/   7/2004 ; @(  28,  56) & slt= 12.08333:  vmr(O3)=    1.084E-06
--------------------------------------------------
MAIN  @ ( 28, 56) : date=  10/ 8/2004 ; t2d=  263.192 ; q=   -0.000
 CHEM BEGINS,date=   10/   8/2004 ; @(  28,  56) & slt= 12.08333:  vmr(O3)=    1.082E-06
--------------------------------------------------
MAIN  @ ( 28, 56) : date=  10/ 9/2004 ; t2d=  263.430 ; q=   -0.000
 CHEM BEGINS,date=   10/   9/2004 ; @(  28,  56) & slt= 12.08333:  vmr(O3)=    1.075E-06
--------------------------------------------------
MAIN  @ ( 28, 56) : date=  10/10/2004 ; t2d=  263.674 ; q=   -0.000
 CHEM BEGINS,date=   10/  10/2004 ; @(  28,  56) & slt= 12.08333:  vmr(O3)=    1.072E-06
--------------------------------------------------
MAIN  @ ( 28, 56) : date=  10/11/2004 ; t2d=  263.909 ; q=   -0.000
 CHEM BEGINS,date=   10/  11/2004 ; @(  28,  56) & slt= 12.08333:  vmr(O3)=    1.069E-06
--------------------------------------------------
MAIN  @ ( 28, 56) : date=  10/12/2004 ; t2d=  264.135 ; q=   -0.000
 CHEM BEGINS,date=   10/  12/2004 ; @(  28,  56) & slt= 12.08333:  vmr(O3)=    1.066E-06
heat  archive to /home/simonc/tmp/socrates/out/sample.heat.nc , date= 10/13/2004
chem  archive to /home/simonc/tmp/socrates/out/sample.chem.nc , date= 10/13/2004
--------------------------------------------------
MAIN  @ ( 28, 56) : date=  10/13/2004 ; t2d=  264.329 ; q=   -0.000
 CHEM BEGINS,date=   10/  13/2004 ; @(  28,  56) & slt= 12.08333:  vmr(O3)=    1.063E-06
--------------------------------------------------
MAIN  @ ( 28, 56) : date=  10/14/2004 ; t2d=  264.453 ; q=   -0.000
 CHEM BEGINS,date=   10/  14/2004 ; @(  28,  56) & slt= 12.08333:  vmr(O3)=    1.057E-06
--------------------------------------------------
MAIN  @ ( 28, 56) : date=  10/15/2004 ; t2d=  264.553 ; q=   -0.000
 CHEM BEGINS,date=   10/  15/2004 ; @(  28,  56) & slt= 12.08333:  vmr(O3)=    1.056E-06
dvout archive to /home/simonc/tmp/socrates/out/sample.dvout_20041015.nc , date= 10/15/2004
--------------------------------------------------
MAIN  @ ( 28, 56) : date=  10/16/2004 ; t2d=  264.655 ; q=   -0.000
 CHEM BEGINS,date=   10/  16/2004 ; @(  28,  56) & slt= 12.08333:  vmr(O3)=    1.055E-06
--------------------------------------------------
MAIN  @ ( 28, 56) : date=  10/17/2004 ; t2d=  264.726 ; q=   -0.000
 CHEM BEGINS,date=   10/  17/2004 ; @(  28,  56) & slt= 12.08333:  vmr(O3)=    1.054E-06
--------------------------------------------------
MAIN  @ ( 28, 56) : date=  10/18/2004 ; t2d=  264.678 ; q=   -0.000
 CHEM BEGINS,date=   10/  18/2004 ; @(  28,  56) & slt= 12.08333:  vmr(O3)=    1.054E-06
--------------------------------------------------
MAIN  @ ( 28, 56) : date=  10/19/2004 ; t2d=  264.499 ; q=   -0.000
 CHEM BEGINS,date=   10/  19/2004 ; @(  28,  56) & slt= 12.08333:  vmr(O3)=    1.052E-06
--------------------------------------------------
MAIN  @ ( 28, 56) : date=  10/20/2004 ; t2d=  264.338 ; q=   -0.000
 CHEM BEGINS,date=   10/  20/2004 ; @(  28,  56) & slt= 12.08333:  vmr(O3)=    1.054E-06
--------------------------------------------------
MAIN  @ ( 28, 56) : date=  10/21/2004 ; t2d=  264.156 ; q=   -0.000
 CHEM BEGINS,date=   10/  21/2004 ; @(  28,  56) & slt= 12.08333:  vmr(O3)=    1.056E-06
--------------------------------------------------
MAIN  @ ( 28, 56) : date=  10/22/2004 ; t2d=  263.986 ; q=   -0.000
 CHEM BEGINS,date=   10/  22/2004 ; @(  28,  56) & slt= 12.08333:  vmr(O3)=    1.058E-06
--------------------------------------------------
MAIN  @ ( 28, 56) : date=  10/23/2004 ; t2d=  263.855 ; q=   -0.000
 CHEM BEGINS,date=   10/  23/2004 ; @(  28,  56) & slt= 12.08333:  vmr(O3)=    1.060E-06
--------------------------------------------------
MAIN  @ ( 28, 56) : date=  10/24/2004 ; t2d=  263.742 ; q=   -0.000
 CHEM BEGINS,date=   10/  24/2004 ; @(  28,  56) & slt= 12.08333:  vmr(O3)=    1.058E-06
--------------------------------------------------
MAIN  @ ( 28, 56) : date=  10/25/2004 ; t2d=  263.631 ; q=   -0.000
 CHEM BEGINS,date=   10/  25/2004 ; @(  28,  56) & slt= 12.08333:  vmr(O3)=    1.060E-06
--------------------------------------------------
MAIN  @ ( 28, 56) : date=  10/26/2004 ; t2d=  263.541 ; q=   -0.000
 CHEM BEGINS,date=   10/  26/2004 ; @(  28,  56) & slt= 12.08333:  vmr(O3)=    1.061E-06
--------------------------------------------------
MAIN  @ ( 28, 56) : date=  10/27/2004 ; t2d=  263.419 ; q=   -0.000
 CHEM BEGINS,date=   10/  27/2004 ; @(  28,  56) & slt= 12.08333:  vmr(O3)=    1.063E-06
--------------------------------------------------
MAIN  @ ( 28, 56) : date=  10/28/2004 ; t2d=  263.258 ; q=   -0.000
 CHEM BEGINS,date=   10/  28/2004 ; @(  28,  56) & slt= 12.08333:  vmr(O3)=    1.065E-06
--------------------------------------------------
MAIN  @ ( 28, 56) : date=  10/29/2004 ; t2d=  263.111 ; q=   -0.000
 CHEM BEGINS,date=   10/  29/2004 ; @(  28,  56) & slt= 12.08333:  vmr(O3)=    1.063E-06
--------------------------------------------------
MAIN  @ ( 28, 56) : date=  10/30/2004 ; t2d=  262.986 ; q=   -0.000
 CHEM BEGINS,date=   10/  30/2004 ; @(  28,  56) & slt= 12.08333:  vmr(O3)=    1.065E-06
ma    archive to /home/simonc/tmp/socrates/out/sample.ma.nc , date= 10/31/2004
--------------------------------------------------
MAIN  @ ( 28, 56) : date=  10/31/2004 ; t2d=  262.820 ; q=   -0.000
 CHEM BEGINS,date=   10/  31/2004 ; @(  28,  56) & slt= 12.08333:  vmr(O3)=    1.067E-06
--------------------------------------------------
MAIN  @ ( 28, 56) : date=  11/ 1/2004 ; t2d=  262.716 ; q=   -0.000
 CHEM BEGINS,date=   11/   1/2004 ; @(  28,  56) & slt= 12.08333:  vmr(O3)=    1.068E-06
--------------------------------------------------
MAIN  @ ( 28, 56) : date=  11/ 2/2004 ; t2d=  262.595 ; q=   -0.000
 CHEM BEGINS,date=   11/   2/2004 ; @(  28,  56) & slt= 12.08333:  vmr(O3)=    1.070E-06
--------------------------------------------------
MAIN  @ ( 28, 56) : date=  11/ 3/2004 ; t2d=  262.457 ; q=   -0.000
 CHEM BEGINS,date=   11/   3/2004 ; @(  28,  56) & slt= 12.08333:  vmr(O3)=    1.069E-06
--------------------------------------------------
MAIN  @ ( 28, 56) : date=  11/ 4/2004 ; t2d=  262.247 ; q=   -0.000
 CHEM BEGINS,date=   11/   4/2004 ; @(  28,  56) & slt= 12.08333:  vmr(O3)=    1.071E-06
--------------------------------------------------
MAIN  @ ( 28, 56) : date=  11/ 5/2004 ; t2d=  262.068 ; q=   -0.000
 CHEM BEGINS,date=   11/   5/2004 ; @(  28,  56) & slt= 12.08333:  vmr(O3)=    1.074E-06
--------------------------------------------------
MAIN  @ ( 28, 56) : date=  11/ 6/2004 ; t2d=  261.933 ; q=   -0.000
 CHEM BEGINS,date=   11/   6/2004 ; @(  28,  56) & slt= 12.08333:  vmr(O3)=    1.075E-06
--------------------------------------------------
MAIN  @ ( 28, 56) : date=  11/ 7/2004 ; t2d=  261.797 ; q=   -0.000
 CHEM BEGINS,date=   11/   7/2004 ; @(  28,  56) & slt= 12.08333:  vmr(O3)=    1.077E-06
--------------------------------------------------
MAIN  @ ( 28, 56) : date=  11/ 8/2004 ; t2d=  261.635 ; q=   -0.000
 CHEM BEGINS,date=   11/   8/2004 ; @(  28,  56) & slt= 12.08333:  vmr(O3)=    1.077E-06
--------------------------------------------------
MAIN  @ ( 28, 56) : date=  11/ 9/2004 ; t2d=  261.512 ; q=   -0.000
 CHEM BEGINS,date=   11/   9/2004 ; @(  28,  56) & slt= 12.08333:  vmr(O3)=    1.078E-06
--------------------------------------------------
MAIN  @ ( 28, 56) : date=  11/10/2004 ; t2d=  261.433 ; q=   -0.000
 CHEM BEGINS,date=   11/  10/2004 ; @(  28,  56) & slt= 12.08333:  vmr(O3)=    1.079E-06
--------------------------------------------------
MAIN  @ ( 28, 56) : date=  11/11/2004 ; t2d=  261.385 ; q=   -0.000
 CHEM BEGINS,date=   11/  11/2004 ; @(  28,  56) & slt= 12.08333:  vmr(O3)=    1.080E-06
heat  archive to /home/simonc/tmp/socrates/out/sample.heat.nc , date= 11/12/2004
chem  archive to /home/simonc/tmp/socrates/out/sample.chem.nc , date= 11/12/2004
--------------------------------------------------
MAIN  @ ( 28, 56) : date=  11/12/2004 ; t2d=  261.335 ; q=   -0.000
 CHEM BEGINS,date=   11/  12/2004 ; @(  28,  56) & slt= 12.08333:  vmr(O3)=    1.081E-06
--------------------------------------------------
MAIN  @ ( 28, 56) : date=  11/13/2004 ; t2d=  261.269 ; q=   -0.000
 CHEM BEGINS,date=   11/  13/2004 ; @(  28,  56) & slt= 12.08333:  vmr(O3)=    1.079E-06
--------------------------------------------------
MAIN  @ ( 28, 56) : date=  11/14/2004 ; t2d=  261.167 ; q=   -0.000
 CHEM BEGINS,date=   11/  14/2004 ; @(  28,  56) & slt= 12.08333:  vmr(O3)=    1.081E-06
--------------------------------------------------
MAIN  @ ( 28, 56) : date=  11/15/2004 ; t2d=  261.061 ; q=   -0.000
 CHEM BEGINS,date=   11/  15/2004 ; @(  28,  56) & slt= 12.08333:  vmr(O3)=    1.082E-06
dvout archive to /home/simonc/tmp/socrates/out/sample.dvout_20041115.nc , date= 11/15/2004
--------------------------------------------------
MAIN  @ ( 28, 56) : date=  11/16/2004 ; t2d=  260.947 ; q=   -0.000
 CHEM BEGINS,date=   11/  16/2004 ; @(  28,  56) & slt= 12.08333:  vmr(O3)=    1.084E-06
--------------------------------------------------
MAIN  @ ( 28, 56) : date=  11/17/2004 ; t2d=  260.833 ; q=   -0.000
 CHEM BEGINS,date=   11/  17/2004 ; @(  28,  56) & slt= 12.08333:  vmr(O3)=    1.085E-06
--------------------------------------------------
MAIN  @ ( 28, 56) : date=  11/18/2004 ; t2d=  260.723 ; q=   -0.000
 CHEM BEGINS,date=   11/  18/2004 ; @(  28,  56) & slt= 12.08333:  vmr(O3)=    1.084E-06
--------------------------------------------------
MAIN  @ ( 28, 56) : date=  11/19/2004 ; t2d=  260.626 ; q=   -0.000
 CHEM BEGINS,date=   11/  19/2004 ; @(  28,  56) & slt= 12.08333:  vmr(O3)=    1.086E-06
--------------------------------------------------
MAIN  @ ( 28, 56) : date=  11/20/2004 ; t2d=  260.504 ; q=   -0.000
 CHEM BEGINS,date=   11/  20/2004 ; @(  28,  56) & slt= 12.08333:  vmr(O3)=    1.087E-06
--------------------------------------------------
MAIN  @ ( 28, 56) : date=  11/21/2004 ; t2d=  260.428 ; q=   -0.000
 CHEM BEGINS,date=   11/  21/2004 ; @(  28,  56) & slt= 12.08333:  vmr(O3)=    1.088E-06
--------------------------------------------------
MAIN  @ ( 28, 56) : date=  11/22/2004 ; t2d=  260.328 ; q=   -0.000
 CHEM BEGINS,date=   11/  22/2004 ; @(  28,  56) & slt= 12.08333:  vmr(O3)=    1.090E-06
--------------------------------------------------
MAIN  @ ( 28, 56) : date=  11/23/2004 ; t2d=  260.187 ; q=   -0.000
 CHEM BEGINS,date=   11/  23/2004 ; @(  28,  56) & slt= 12.08333:  vmr(O3)=    1.090E-06
--------------------------------------------------
MAIN  @ ( 28, 56) : date=  11/24/2004 ; t2d=  260.037 ; q=   -0.000
 CHEM BEGINS,date=   11/  24/2004 ; @(  28,  56) & slt= 12.08333:  vmr(O3)=    1.092E-06
--------------------------------------------------
MAIN  @ ( 28, 56) : date=  11/25/2004 ; t2d=  259.933 ; q=   -0.000
 CHEM BEGINS,date=   11/  25/2004 ; @(  28,  56) & slt= 12.08333:  vmr(O3)=    1.093E-06
--------------------------------------------------
MAIN  @ ( 28, 56) : date=  11/26/2004 ; t2d=  259.828 ; q=   -0.000
 CHEM BEGINS,date=   11/  26/2004 ; @(  28,  56) & slt= 12.08333:  vmr(O3)=    1.095E-06
--------------------------------------------------
MAIN  @ ( 28, 56) : date=  11/27/2004 ; t2d=  259.687 ; q=   -0.000
 CHEM BEGINS,date=   11/  27/2004 ; @(  28,  56) & slt= 12.08333:  vmr(O3)=    1.097E-06
--------------------------------------------------
MAIN  @ ( 28, 56) : date=  11/28/2004 ; t2d=  259.515 ; q=   -0.000
 CHEM BEGINS,date=   11/  28/2004 ; @(  28,  56) & slt= 12.08333:  vmr(O3)=    1.098E-06
--------------------------------------------------
MAIN  @ ( 28, 56) : date=  11/29/2004 ; t2d=  259.338 ; q=   -0.000
 CHEM BEGINS,date=   11/  29/2004 ; @(  28,  56) & slt= 12.08333:  vmr(O3)=    1.100E-06
ma    archive to /home/simonc/tmp/socrates/out/sample.ma.nc , date= 11/30/2004
--------------------------------------------------
MAIN  @ ( 28, 56) : date=  11/30/2004 ; t2d=  259.139 ; q=   -0.000
 CHEM BEGINS,date=   11/  30/2004 ; @(  28,  56) & slt= 12.08333:  vmr(O3)=    1.102E-06
--------------------------------------------------
MAIN  @ ( 28, 56) : date=  12/ 1/2004 ; t2d=  258.950 ; q=   -0.000
 CHEM BEGINS,date=   12/   1/2004 ; @(  28,  56) & slt= 12.08333:  vmr(O3)=    1.105E-06
--------------------------------------------------
MAIN  @ ( 28, 56) : date=  12/ 2/2004 ; t2d=  258.750 ; q=   -0.000
 CHEM BEGINS,date=   12/   2/2004 ; @(  28,  56) & slt= 12.08333:  vmr(O3)=    1.107E-06
--------------------------------------------------
MAIN  @ ( 28, 56) : date=  12/ 3/2004 ; t2d=  258.553 ; q=   -0.000
 CHEM BEGINS,date=   12/   3/2004 ; @(  28,  56) & slt= 12.08333:  vmr(O3)=    1.110E-06
--------------------------------------------------
MAIN  @ ( 28, 56) : date=  12/ 4/2004 ; t2d=  258.368 ; q=   -0.000
 CHEM BEGINS,date=   12/   4/2004 ; @(  28,  56) & slt= 12.08333:  vmr(O3)=    1.112E-06
--------------------------------------------------
MAIN  @ ( 28, 56) : date=  12/ 5/2004 ; t2d=  258.191 ; q=   -0.000
 CHEM BEGINS,date=   12/   5/2004 ; @(  28,  56) & slt= 12.08333:  vmr(O3)=    1.114E-06
--------------------------------------------------
MAIN  @ ( 28, 56) : date=  12/ 6/2004 ; t2d=  258.022 ; q=   -0.000
 CHEM BEGINS,date=   12/   6/2004 ; @(  28,  56) & slt= 12.08333:  vmr(O3)=    1.116E-06
--------------------------------------------------
MAIN  @ ( 28, 56) : date=  12/ 7/2004 ; t2d=  257.862 ; q=   -0.000
 CHEM BEGINS,date=   12/   7/2004 ; @(  28,  56) & slt= 12.08333:  vmr(O3)=    1.118E-06
--------------------------------------------------
MAIN  @ ( 28, 56) : date=  12/ 8/2004 ; t2d=  257.694 ; q=   -0.000
 CHEM BEGINS,date=   12/   8/2004 ; @(  28,  56) & slt= 12.08333:  vmr(O3)=    1.120E-06
--------------------------------------------------
MAIN  @ ( 28, 56) : date=  12/ 9/2004 ; t2d=  257.514 ; q=   -0.000
 CHEM BEGINS,date=   12/   9/2004 ; @(  28,  56) & slt= 12.08333:  vmr(O3)=    1.123E-06
--------------------------------------------------
MAIN  @ ( 28, 56) : date=  12/10/2004 ; t2d=  257.345 ; q=   -0.000
 CHEM BEGINS,date=   12/  10/2004 ; @(  28,  56) & slt= 12.08333:  vmr(O3)=    1.125E-06
--------------------------------------------------
MAIN  @ ( 28, 56) : date=  12/11/2004 ; t2d=  257.179 ; q=   -0.000
 CHEM BEGINS,date=   12/  11/2004 ; @(  28,  56) & slt= 12.08333:  vmr(O3)=    1.127E-06
heat  archive to /home/simonc/tmp/socrates/out/sample.heat.nc , date= 12/12/2004
chem  archive to /home/simonc/tmp/socrates/out/sample.chem.nc , date= 12/12/2004
--------------------------------------------------
MAIN  @ ( 28, 56) : date=  12/12/2004 ; t2d=  257.017 ; q=   -0.000
 CHEM BEGINS,date=   12/  12/2004 ; @(  28,  56) & slt= 12.08333:  vmr(O3)=    1.129E-06
--------------------------------------------------
MAIN  @ ( 28, 56) : date=  12/13/2004 ; t2d=  256.844 ; q=   -0.000
 CHEM BEGINS,date=   12/  13/2004 ; @(  28,  56) & slt= 12.08333:  vmr(O3)=    1.132E-06
--------------------------------------------------
MAIN  @ ( 28, 56) : date=  12/14/2004 ; t2d=  256.661 ; q=   -0.000
 CHEM BEGINS,date=   12/  14/2004 ; @(  28,  56) & slt= 12.08333:  vmr(O3)=    1.134E-06
--------------------------------------------------
MAIN  @ ( 28, 56) : date=  12/15/2004 ; t2d=  256.475 ; q=   -0.000
 CHEM BEGINS,date=   12/  15/2004 ; @(  28,  56) & slt= 12.08333:  vmr(O3)=    1.136E-06
dvout archive to /home/simonc/tmp/socrates/out/sample.dvout_20041215.nc , date= 12/15/2004
--------------------------------------------------
MAIN  @ ( 28, 56) : date=  12/16/2004 ; t2d=  256.300 ; q=   -0.000
 CHEM BEGINS,date=   12/  16/2004 ; @(  28,  56) & slt= 12.08333:  vmr(O3)=    1.139E-06
--------------------------------------------------
MAIN  @ ( 28, 56) : date=  12/17/2004 ; t2d=  256.119 ; q=   -0.000
 CHEM BEGINS,date=   12/  17/2004 ; @(  28,  56) & slt= 12.08333:  vmr(O3)=    1.141E-06
--------------------------------------------------
MAIN  @ ( 28, 56) : date=  12/18/2004 ; t2d=  255.940 ; q=   -0.000
 CHEM BEGINS,date=   12/  18/2004 ; @(  28,  56) & slt= 12.08333:  vmr(O3)=    1.144E-06
--------------------------------------------------
MAIN  @ ( 28, 56) : date=  12/19/2004 ; t2d=  255.806 ; q=   -0.000
 CHEM BEGINS,date=   12/  19/2004 ; @(  28,  56) & slt= 12.08333:  vmr(O3)=    1.146E-06
--------------------------------------------------
MAIN  @ ( 28, 56) : date=  12/20/2004 ; t2d=  255.673 ; q=   -0.000
 CHEM BEGINS,date=   12/  20/2004 ; @(  28,  56) & slt= 12.08333:  vmr(O3)=    1.147E-06
--------------------------------------------------
MAIN  @ ( 28, 56) : date=  12/21/2004 ; t2d=  255.545 ; q=   -0.000
 CHEM BEGINS,date=   12/  21/2004 ; @(  28,  56) & slt= 12.08333:  vmr(O3)=    1.149E-06
--------------------------------------------------
MAIN  @ ( 28, 56) : date=  12/22/2004 ; t2d=  255.431 ; q=   -0.000
 CHEM BEGINS,date=   12/  22/2004 ; @(  28,  56) & slt= 12.08333:  vmr(O3)=    1.151E-06
--------------------------------------------------
MAIN  @ ( 28, 56) : date=  12/23/2004 ; t2d=  255.294 ; q=   -0.000
 CHEM BEGINS,date=   12/  23/2004 ; @(  28,  56) & slt= 12.08333:  vmr(O3)=    1.153E-06
--------------------------------------------------
MAIN  @ ( 28, 56) : date=  12/24/2004 ; t2d=  255.144 ; q=   -0.000
 CHEM BEGINS,date=   12/  24/2004 ; @(  28,  56) & slt= 12.08333:  vmr(O3)=    1.155E-06
--------------------------------------------------
MAIN  @ ( 28, 56) : date=  12/25/2004 ; t2d=  255.023 ; q=   -0.000
 CHEM BEGINS,date=   12/  25/2004 ; @(  28,  56) & slt= 12.08333:  vmr(O3)=    1.157E-06
--------------------------------------------------
MAIN  @ ( 28, 56) : date=  12/26/2004 ; t2d=  254.900 ; q=   -0.000
 CHEM BEGINS,date=   12/  26/2004 ; @(  28,  56) & slt= 12.08333:  vmr(O3)=    1.158E-06
--------------------------------------------------
MAIN  @ ( 28, 56) : date=  12/27/2004 ; t2d=  254.803 ; q=   -0.000
 CHEM BEGINS,date=   12/  27/2004 ; @(  28,  56) & slt= 12.08333:  vmr(O3)=    1.160E-06
--------------------------------------------------
MAIN  @ ( 28, 56) : date=  12/28/2004 ; t2d=  254.710 ; q=   -0.000
 CHEM BEGINS,date=   12/  28/2004 ; @(  28,  56) & slt= 12.08333:  vmr(O3)=    1.162E-06
--------------------------------------------------
MAIN  @ ( 28, 56) : date=  12/29/2004 ; t2d=  254.619 ; q=   -0.000
 CHEM BEGINS,date=   12/  29/2004 ; @(  28,  56) & slt= 12.08333:  vmr(O3)=    1.163E-06
--------------------------------------------------
MAIN  @ ( 28, 56) : date=  12/30/2004 ; t2d=  254.528 ; q=   -0.000
 CHEM BEGINS,date=   12/  30/2004 ; @(  28,  56) & slt= 12.08333:  vmr(O3)=    1.164E-06
ma    archive to /home/simonc/tmp/socrates/out/sample.ma.nc , date= 12/31/2004
--------------------------------------------------
MAIN  @ ( 28, 56) : date=  12/31/2004 ; t2d=  254.438 ; q=   -0.000
 CHEM BEGINS,date=   12/  31/2004 ; @(  28,  56) & slt= 12.08333:  vmr(O3)=    1.166E-06
--------------------------------------------------
MAIN  @ ( 28, 56) : date=   1/ 1/2005 ; t2d=  254.352 ; q=   -0.000
 CHEM BEGINS,date=    1/   1/2005 ; @(  28,  56) & slt= 12.08333:  vmr(O3)=    1.167E-06
--------------------------------------------------
MAIN  @ ( 28, 56) : date=   1/ 2/2005 ; t2d=  254.278 ; q=   -0.000
 CHEM BEGINS,date=    1/   2/2005 ; @(  28,  56) & slt= 12.08333:  vmr(O3)=    1.169E-06

 TIMING SUMMARY FOR THE MAIN
 ---------------------------
                         CPUt     %CPUt
              Init : 1.12E+00 sec ;   0.0 %
      MSIS-ATMCOND : 1.44E+02 sec ;   0.2 %
              heat : 7.74E+00 sec ;   0.0 %
             Winds : 1.35E+03 sec ;   1.6 %
              Temp : 5.20E+01 sec ;   0.1 %
        BOUNDY-GCC : 4.71E-01 sec ;   0.0 %
              CHEM : 8.38E+04 sec ;  98.2 %
      other & arch : 3.04E+00 sec ;   0.0 %
 --------------------------------------------------
             TOTAL : 8.54E+04 sec ; 100.0 %


 TIMING FOR CHEM
 ---------------
                         CPUt     %CPUt      REALt   %OMPeffic
             Begin : 0.00E+00 sec ;   0.0 %
        TABLES_PHO : 7.34E+02 sec ;   0.9 %
              *RXT : 4.09E+01 sec ;   0.0 %
  ADVECT_CHEM (omp): 1.35E+04 sec ;  15.9 % ;  0.00E+00 sec ;   Inf %
       CHEMDR (omp): 6.84E+04 sec ;  80.1 % ;  0.00E+00 sec ;   Inf %
             HDIFF : 7.34E+02 sec ;   0.9 %
 --------------------------------------------------
               SUM : 8.35E+04 sec ;  97.7 %
   Check: true sum : 8.38E+04 sec ;  98.2 %


 TIMING FOR CHEMDR
 -----------------
                         CPUt     %CPUt
      Init+WASHOUT : 0.00E+00 sec ;   0.0 %
          PHO_CHEM : 0.00E+00 sec ;   0.0 %
      special prods: 0.00E+00 sec ;   0.0 %
           IMP_SLV : 0.00E+00 sec ;   0.0 %
        DIAGS_CHEM : 0.00E+00 sec ;   0.0 %
             VDIFF : 0.00E+00 sec ;   0.0 %
        HEAT_RATES : 0.00E+00 sec ;   0.0 %
               end : 0.00E+00 sec ;   0.0 %
 ----------------------------------------------------
               SUM : 0.00E+00 sec ;   0.0 %
   Check: true sum : 0.00E+00 sec ;  80.1 %

 SOCRATES model: simulation ran successfully

=====================================================================================
SOCRATES finished on 
mercredi 27 janvier 2016, 05:33:44 (UTC+0100)
